2020-10-15 17:18:39,059 [ERROR] from com.jpro.internal.server.ViewSerializerActor in JavaFX Application Thread - JavaFXStreamer - got Exception: 
java.lang.ClassNotFoundException: conferenceFX.MainApp
	at java.net.URLClassLoader.findClass(URLClassLoader.java:382)
	at java.lang.ClassLoader.loadClass(ClassLoader.java:424)
	at sun.misc.Launcher$AppClassLoader.loadClass(Launcher.java:349)
	at java.lang.ClassLoader.loadClass(ClassLoader.java:357)
	at simplefx.util.ReflectionUtil.loadClass(ReflectionUtil.scala:38)
	at simplefx.util.ReflectionUtil.callNew(ReflectionUtil.scala:103)
	at com.jpro.internal.config.ApplicationStarter$.startApplication(ApplicationStarter.scala:111)
	at com.jpro.internal.config.ApplicationStarter$.requestApplication(ApplicationStarter.scala:97)
	at com.jpro.internal.config.ApplicationStarter$.getApplication(ApplicationStarter.scala:63)
	at com.jpro.internal.communicator.ViewImpl.<init>(ViewImpl.scala:29)
	at com.jpro.internal.server.ViewByActor.<init>(ViewSerializerActor.scala:81)
	at com.jpro.internal.server.ViewSerializerActor$$anonfun$receive$1$$anonfun$applyOrElse$1.$anonfun$applyOrElse$2(ViewSerializerActor.scala:49)
	at scala.runtime.java8.JFunction0$mcV$sp.apply(JFunction0$mcV$sp.java:23)
	at simplefx.util.Predef$.$anonfun$runInAndBlock$1(Predef.scala:184)
	at scala.runtime.java8.JFunction0$mcV$sp.apply(JFunction0$mcV$sp.java:23)
	at simplefx.cores.standard.parts.CoreTimeEvent.$anonfun$runAsAnimation$1(CoreTimeEvent.scala:56)
	at simplefx.cores.standard.parts.CoreTimeEvent$$anon$2.handle(CoreTimeEvent.scala:42)
	at javafx.animation.AnimationTimer$AnimationTimerReceiver.lambda$handle$490(AnimationTimer.java:57)
	at java.security.AccessController.doPrivileged(Native Method)
	at javafx.animation.AnimationTimer$AnimationTimerReceiver.handle(AnimationTimer.java:56)
	at com.sun.scenario.animation.AbstractMasterTimer.timePulseImpl(AbstractMasterTimer.java:357)
	at com.sun.scenario.animation.AbstractMasterTimer$MainLoop.run(AbstractMasterTimer.java:267)
	at com.sun.javafx.tk.quantum.QuantumToolkit.pulse(QuantumToolkit.java:514)
	at com.sun.javafx.tk.quantum.QuantumToolkit.pulse(QuantumToolkit.java:498)
	at com.sun.javafx.tk.quantum.QuantumToolkit.pulseFromQueue(QuantumToolkit.java:491)
	at com.sun.javafx.tk.quantum.QuantumToolkit.lambda$runToolkit$408(QuantumToolkit.java:319)
	at com.sun.glass.ui.monocle.RunnableProcessor.runLoop(RunnableProcessor.java:92)
	at com.sun.glass.ui.monocle.RunnableProcessor.run(RunnableProcessor.java:51)
	at java.lang.Thread.run(Thread.java:748)
2020-10-15 17:19:48,858 [ERROR] from com.jpro.internal.communicator.InstanceImpl in JavaFX Application Thread - Error while starting application: 
java.lang.RuntimeException: org.apache.avro.SchemaParseException: Cannot parse <null> schema
	at com.mycompany.nats.fx.listener.avro.MyTransformerBinary.<init>(MyTransformerBinary.java:35)
	at com.mycompany.nats.fx.listener.avro.ConnectEventHandler.<init>(ConnectEventHandler.java:25)
	at com.mycompany.nats.fx.listener.avro.MainApp.start(MainApp.java:39)
	at com.jpro.internal.config.ApplicationStarter$.$anonfun$startJApplication$1(ApplicationStarter.scala:133)
	at com.jpro.internal.config.ApplicationStarter$.$anonfun$startJApplication$1$adapted(ApplicationStarter.scala:131)
	at com.jpro.internal.communicator.InstanceImpl.start(InstanceImpl.scala:31)
	at com.jpro.internal.communicator.InstanceImpl.$anonfun$new$2(InstanceImpl.scala:25)
	at scala.runtime.java8.JFunction0$mcV$sp.apply(JFunction0$mcV$sp.java:23)
	at simplefx.cores.standard.parts.CoreTimeEvent.$anonfun$runWhenever$2(CoreTimeEvent.scala:125)
	at simplefx.cores.standard.parts.CoreTimeEvent.$anonfun$runWhenever$2$adapted(CoreTimeEvent.scala:125)
	at simplefx.cores.standard.parts.CoreTypesBindable$BindableImpl.$anonfun$triggerOnChange$3(CoreTypesBindable.scala:208)
	at simplefx.cores.standard.parts.CoreScheduler.runSchedulerImpl(CoreScheduler.scala:73)
	at simplefx.cores.standard.parts.CoreScheduler.runSchedulerImpl$(CoreScheduler.scala:52)
	at simplefx.cores.standard.Core.runSchedulerImpl(Core.scala:9)
	at simplefx.cores.standard.parts.CoreScheduler.tryStartSchedulerStop(CoreScheduler.scala:44)
	at simplefx.cores.standard.parts.CoreScheduler.tryStartSchedulerStop$(CoreScheduler.scala:42)
	at simplefx.cores.standard.Core.tryStartSchedulerStop(Core.scala:9)
	at simplefx.cores.interfaces.parts.CoreTypesEvent$IEventEmitter.emit(CoreTypesEvent.scala:64)
	at simplefx.cores.interfaces.parts.CoreTypesEvent$IEventEmitter.emit$(CoreTypesEvent.scala:64)
	at simplefx.cores.standard.parts.CoreTypesBindable$BindableImpl.emit(CoreTypesBindable.scala:24)
	at simplefx.cores.interfaces.parts.CoreTypesEvent$IEventEmitter.emit$mcZ$sp(CoreTypesEvent.scala:64)
	at simplefx.cores.interfaces.parts.CoreTypesEvent$IEventEmitter.emit$mcZ$sp$(CoreTypesEvent.scala:64)
	at simplefx.cores.standard.parts.CoreTypesBindable$BindableImpl.emit$mcZ$sp(CoreTypesBindable.scala:24)
	at simplefx.cores.standard.parts.CoreTypesBindable$BindableImpl$mcZ$sp.setValue$mcZ$sp(CoreTypesBindable.scala:103)
	at simplefx.cores.standard.parts.CoreTypesBindable$BindableImpl$mcZ$sp.setValue$mcZ$sp(CoreTypesBindable.scala:88)
	at simplefx.cores.standard.parts.CoreTypesBindable$BindableImpl$mcZ$sp.setValue(CoreTypesBindable.scala:88)
	at simplefx.cores.standard.parts.CoreTypesBindable$BindableImpl$mcZ$sp.setValue(CoreTypesBindable.scala:24)
	at simplefx.cores.interfaces.parts.CoreTypesBindable$ISOBindable.set(CoreTypesBindable.scala:161)
	at simplefx.cores.interfaces.parts.CoreTypesBindable$ISOBindable.set$(CoreTypesBindable.scala:161)
	at simplefx.cores.standard.parts.CoreTypesBindable$BindableImpl.set(CoreTypesBindable.scala:24)
	at simplefx.cores.interfaces.parts.CoreTypesBindable$ISOBindable.set$mcZ$sp(CoreTypesBindable.scala:161)
	at simplefx.cores.interfaces.parts.CoreTypesBindable$ISOBindable.set$mcZ$sp$(CoreTypesBindable.scala:161)
	at simplefx.cores.standard.parts.CoreTypesBindable$BindableImpl.set$mcZ$sp(CoreTypesBindable.scala:24)
	at com.jpro.internal.stats.ViewInfo.active_$eq(ViewInfo.scala:35)
	at com.jpro.internal.stats.ViewInfo.active_$eq$(ViewInfo.scala:35)
	at com.jpro.internal.communicator.ViewImpl.active_$eq(ViewImpl.scala:25)
	at com.jpro.internal.communicator.ViewImpl.<init>(ViewImpl.scala:53)
	at com.jpro.internal.communicator.ViewImpl.<init>(ViewImpl.scala:29)
	at com.jpro.internal.server.ViewByActor.<init>(ViewSerializerActor.scala:81)
	at com.jpro.internal.server.ViewSerializerActor$$anonfun$receive$1$$anonfun$applyOrElse$1.$anonfun$applyOrElse$2(ViewSerializerActor.scala:49)
	at scala.runtime.java8.JFunction0$mcV$sp.apply(JFunction0$mcV$sp.java:23)
	at simplefx.util.Predef$.$anonfun$runInAndBlock$1(Predef.scala:184)
	at scala.runtime.java8.JFunction0$mcV$sp.apply(JFunction0$mcV$sp.java:23)
	at simplefx.cores.standard.parts.CoreTimeEvent.$anonfun$runAsAnimation$1(CoreTimeEvent.scala:56)
	at simplefx.cores.standard.parts.CoreTimeEvent$$anon$2.handle(CoreTimeEvent.scala:42)
	at javafx.animation.AnimationTimer$AnimationTimerReceiver.lambda$handle$490(AnimationTimer.java:57)
	at java.security.AccessController.doPrivileged(Native Method)
	at javafx.animation.AnimationTimer$AnimationTimerReceiver.handle(AnimationTimer.java:56)
	at com.sun.scenario.animation.AbstractMasterTimer.timePulseImpl(AbstractMasterTimer.java:357)
	at com.sun.scenario.animation.AbstractMasterTimer$MainLoop.run(AbstractMasterTimer.java:267)
	at com.sun.javafx.tk.quantum.QuantumToolkit.pulse(QuantumToolkit.java:514)
	at com.sun.javafx.tk.quantum.QuantumToolkit.pulse(QuantumToolkit.java:498)
	at com.sun.javafx.tk.quantum.QuantumToolkit.pulseFromQueue(QuantumToolkit.java:491)
	at com.sun.javafx.tk.quantum.QuantumToolkit.lambda$runToolkit$408(QuantumToolkit.java:319)
	at com.sun.glass.ui.monocle.RunnableProcessor.runLoop(RunnableProcessor.java:92)
	at com.sun.glass.ui.monocle.RunnableProcessor.run(RunnableProcessor.java:51)
	at java.lang.Thread.run(Thread.java:748)
Caused by: org.apache.avro.SchemaParseException: Cannot parse <null> schema
	at org.apache.avro.Schema.parse(Schema.java:1595)
	at org.apache.avro.Schema$Parser.parse(Schema.java:1394)
	at org.apache.avro.Schema$Parser.parse(Schema.java:1365)
	at com.mycompany.nats.fx.listener.avro.MyTransformerBinary.<init>(MyTransformerBinary.java:31)
	... 56 common frames omitted
2020-10-15 17:19:48,896 [ERROR] from com.jpro.internal.server.ViewSerializerActor in JavaFX Application Thread - JavaFXStreamer - got Exception: 
java.lang.NullPointerException: null
	at simplefx.util.ReflectionUtil$UseReflection.applyDynamic(ReflectionUtil.scala:18)
	at com.jpro.internal.communicator.ViewImpl.<init>(ViewImpl.scala:87)
	at com.jpro.internal.communicator.ViewImpl.<init>(ViewImpl.scala:29)
	at com.jpro.internal.server.ViewByActor.<init>(ViewSerializerActor.scala:81)
	at com.jpro.internal.server.ViewSerializerActor$$anonfun$receive$1$$anonfun$applyOrElse$1.$anonfun$applyOrElse$2(ViewSerializerActor.scala:49)
	at scala.runtime.java8.JFunction0$mcV$sp.apply(JFunction0$mcV$sp.java:23)
	at simplefx.util.Predef$.$anonfun$runInAndBlock$1(Predef.scala:184)
	at scala.runtime.java8.JFunction0$mcV$sp.apply(JFunction0$mcV$sp.java:23)
	at simplefx.cores.standard.parts.CoreTimeEvent.$anonfun$runAsAnimation$1(CoreTimeEvent.scala:56)
	at simplefx.cores.standard.parts.CoreTimeEvent$$anon$2.handle(CoreTimeEvent.scala:42)
	at javafx.animation.AnimationTimer$AnimationTimerReceiver.lambda$handle$490(AnimationTimer.java:57)
	at java.security.AccessController.doPrivileged(Native Method)
	at javafx.animation.AnimationTimer$AnimationTimerReceiver.handle(AnimationTimer.java:56)
	at com.sun.scenario.animation.AbstractMasterTimer.timePulseImpl(AbstractMasterTimer.java:357)
	at com.sun.scenario.animation.AbstractMasterTimer$MainLoop.run(AbstractMasterTimer.java:267)
	at com.sun.javafx.tk.quantum.QuantumToolkit.pulse(QuantumToolkit.java:514)
	at com.sun.javafx.tk.quantum.QuantumToolkit.pulse(QuantumToolkit.java:498)
	at com.sun.javafx.tk.quantum.QuantumToolkit.pulseFromQueue(QuantumToolkit.java:491)
	at com.sun.javafx.tk.quantum.QuantumToolkit.lambda$runToolkit$408(QuantumToolkit.java:319)
	at com.sun.glass.ui.monocle.RunnableProcessor.runLoop(RunnableProcessor.java:92)
	at com.sun.glass.ui.monocle.RunnableProcessor.run(RunnableProcessor.java:51)
	at java.lang.Thread.run(Thread.java:748)
