2020-10-15 17:18:33,532 [INFO] from akka.event.slf4j.Slf4jLogger in application-akka.actor.default-dispatcher-3 - Slf4jLogger started
2020-10-15 17:18:34,203 [INFO] from com.jpro.activity in Thread-0 - Starting the server
2020-10-15 17:18:34,203 [INFO] from com.jpro.internal.server.Initializer$ in Thread-0 -  *** Starting JPro: https://www.jpro.one/ ***
2020-10-15 17:18:34,203 [INFO] from com.jpro.internal.server.Initializer$ in Thread-0 - OS: Windows 10
2020-10-15 17:18:34,224 [INFO] from com.jpro.internal.server.Initializer$ in Thread-0 - JPro: 2019.1.0
2020-10-15 17:18:34,224 [INFO] from com.jpro.internal.server.Initializer$ in Thread-0 - Java version: 1.8.0_211
2020-10-15 17:18:34,224 [INFO] from com.jpro.internal.server.Initializer$ in Thread-0 - JVM: 1.8.0_211 Oracle Corporation
2020-10-15 17:18:34,261 [INFO] from com.jpro.internal.server.Initializer$ in Thread-0 - redirected OUT / ERR
2020-10-15 17:18:34,261 [INFO] from com.jpro.internal.server.Initializer$ in Thread-0 - installed SLF4JBridge
2020-10-15 17:18:34,290 [INFO] from com.jpro.internal.server.MonocleInitializer$ in Thread-0 - screen: null
2020-10-15 17:18:34,653 [INFO] from com.jpro.internal.server.Initializer$ in Thread-0 - finished init!
2020-10-15 17:18:34,669 [INFO] from com.jpro.internal.server.Initializer$ in JavaFX Application Thread - JavaFX version: 8.0.211-b10
2020-10-15 17:18:34,711 [INFO] from com.jpro.internal.chart.model.DynamicDataModel in JavaFX Application Thread - Started Monitoring chart data...
2020-10-15 17:18:34,760 [INFO] from com.jpro.internal.chart.model.ChartJSONImExporter in JavaFX Application Thread - Nothing to import
2020-10-15 17:18:35,232 [INFO] from play.api.Play in Thread-0 - Application started (Prod)
2020-10-15 17:18:36,890 [INFO] from play.core.server.AkkaHttpServer in Thread-0 - Listening for HTTP on /0:0:0:0:0:0:0:0:8080
2020-10-15 17:18:38,486 [INFO] from controllers.jpro in application-akka.actor.default-dispatcher-6 - application requested: 0!default
2020-10-15 17:18:38,520 [INFO] from controllers.jpro in application-akka.actor.default-dispatcher-6 - Creating Application: 0!default
2020-10-15 17:18:38,525 [INFO] from controllers.jpro in application-akka.actor.default-dispatcher-6 - remoteAddress 0:0:0:0:0:0:0:1
2020-10-15 17:18:38,525 [INFO] from controllers.jpro in application-akka.actor.default-dispatcher-6 - host          localhost:8080
2020-10-15 17:18:38,525 [INFO] from controllers.jpro in application-akka.actor.default-dispatcher-6 - uri           /app/0!default
2020-10-15 17:18:39,059 [ERROR] from com.jpro.internal.server.ViewSerializerActor in JavaFX Application Thread - JavaFXStreamer - got Exception: 
java.lang.ClassNotFoundException: conferenceFX.MainApp
	at java.net.URLClassLoader.findClass(URLClassLoader.java:382)
	at java.lang.ClassLoader.loadClass(ClassLoader.java:424)
	at sun.misc.Launcher$AppClassLoader.loadClass(Launcher.java:349)
	at java.lang.ClassLoader.loadClass(ClassLoader.java:357)
	at simplefx.util.ReflectionUtil.loadClass(ReflectionUtil.scala:38)
	at simplefx.util.ReflectionUtil.callNew(ReflectionUtil.scala:103)
	at com.jpro.internal.config.ApplicationStarter$.startApplication(ApplicationStarter.scala:111)
	at com.jpro.internal.config.ApplicationStarter$.requestApplication(ApplicationStarter.scala:97)
	at com.jpro.internal.config.ApplicationStarter$.getApplication(ApplicationStarter.scala:63)
	at com.jpro.internal.communicator.ViewImpl.<init>(ViewImpl.scala:29)
	at com.jpro.internal.server.ViewByActor.<init>(ViewSerializerActor.scala:81)
	at com.jpro.internal.server.ViewSerializerActor$$anonfun$receive$1$$anonfun$applyOrElse$1.$anonfun$applyOrElse$2(ViewSerializerActor.scala:49)
	at scala.runtime.java8.JFunction0$mcV$sp.apply(JFunction0$mcV$sp.java:23)
	at simplefx.util.Predef$.$anonfun$runInAndBlock$1(Predef.scala:184)
	at scala.runtime.java8.JFunction0$mcV$sp.apply(JFunction0$mcV$sp.java:23)
	at simplefx.cores.standard.parts.CoreTimeEvent.$anonfun$runAsAnimation$1(CoreTimeEvent.scala:56)
	at simplefx.cores.standard.parts.CoreTimeEvent$$anon$2.handle(CoreTimeEvent.scala:42)
	at javafx.animation.AnimationTimer$AnimationTimerReceiver.lambda$handle$490(AnimationTimer.java:57)
	at java.security.AccessController.doPrivileged(Native Method)
	at javafx.animation.AnimationTimer$AnimationTimerReceiver.handle(AnimationTimer.java:56)
	at com.sun.scenario.animation.AbstractMasterTimer.timePulseImpl(AbstractMasterTimer.java:357)
	at com.sun.scenario.animation.AbstractMasterTimer$MainLoop.run(AbstractMasterTimer.java:267)
	at com.sun.javafx.tk.quantum.QuantumToolkit.pulse(QuantumToolkit.java:514)
	at com.sun.javafx.tk.quantum.QuantumToolkit.pulse(QuantumToolkit.java:498)
	at com.sun.javafx.tk.quantum.QuantumToolkit.pulseFromQueue(QuantumToolkit.java:491)
	at com.sun.javafx.tk.quantum.QuantumToolkit.lambda$runToolkit$408(QuantumToolkit.java:319)
	at com.sun.glass.ui.monocle.RunnableProcessor.runLoop(RunnableProcessor.java:92)
	at com.sun.glass.ui.monocle.RunnableProcessor.run(RunnableProcessor.java:51)
	at java.lang.Thread.run(Thread.java:748)
2020-10-15 17:19:43,336 [INFO] from akka.event.slf4j.Slf4jLogger in application-akka.actor.default-dispatcher-2 - Slf4jLogger started
2020-10-15 17:19:44,183 [INFO] from com.jpro.activity in Thread-0 - Starting the server
2020-10-15 17:19:44,183 [INFO] from com.jpro.internal.server.Initializer$ in Thread-0 -  *** Starting JPro: https://www.jpro.one/ ***
2020-10-15 17:19:44,183 [INFO] from com.jpro.internal.server.Initializer$ in Thread-0 - OS: Windows 10
2020-10-15 17:19:44,198 [INFO] from com.jpro.internal.server.Initializer$ in Thread-0 - JPro: 2019.1.0
2020-10-15 17:19:44,198 [INFO] from com.jpro.internal.server.Initializer$ in Thread-0 - Java version: 1.8.0_211
2020-10-15 17:19:44,198 [INFO] from com.jpro.internal.server.Initializer$ in Thread-0 - JVM: 1.8.0_211 Oracle Corporation
2020-10-15 17:19:44,214 [INFO] from com.jpro.internal.server.Initializer$ in Thread-0 - redirected OUT / ERR
2020-10-15 17:19:44,214 [INFO] from com.jpro.internal.server.Initializer$ in Thread-0 - installed SLF4JBridge
2020-10-15 17:19:44,229 [INFO] from com.jpro.internal.server.MonocleInitializer$ in Thread-0 - screen: null
2020-10-15 17:19:44,756 [INFO] from com.jpro.internal.server.Initializer$ in Thread-0 - finished init!
2020-10-15 17:19:44,782 [INFO] from com.jpro.internal.server.Initializer$ in JavaFX Application Thread - JavaFX version: 8.0.211-b10
2020-10-15 17:19:44,824 [INFO] from com.jpro.internal.chart.model.DynamicDataModel in JavaFX Application Thread - Started Monitoring chart data...
2020-10-15 17:19:44,881 [INFO] from com.jpro.internal.chart.model.ChartJSONImExporter in JavaFX Application Thread - Nothing to import
2020-10-15 17:19:45,204 [INFO] from play.api.Play in Thread-0 - Application started (Prod)
2020-10-15 17:19:46,163 [INFO] from play.core.server.AkkaHttpServer in Thread-0 - Listening for HTTP on /0:0:0:0:0:0:0:0:8080
2020-10-15 17:19:47,354 [INFO] from controllers.jpro in application-akka.actor.default-dispatcher-2 - application requested: 0!default
2020-10-15 17:19:47,535 [INFO] from controllers.jpro in application-akka.actor.default-dispatcher-2 - Creating Application: 0!default
2020-10-15 17:19:47,538 [INFO] from controllers.jpro in application-akka.actor.default-dispatcher-2 - remoteAddress 0:0:0:0:0:0:0:1
2020-10-15 17:19:47,538 [INFO] from controllers.jpro in application-akka.actor.default-dispatcher-2 - host          localhost:8080
2020-10-15 17:19:47,539 [INFO] from controllers.jpro in application-akka.actor.default-dispatcher-2 - uri           /app/0!default
2020-10-15 17:19:48,858 [ERROR] from com.jpro.internal.communicator.InstanceImpl in JavaFX Application Thread - Error while starting application: 
java.lang.RuntimeException: org.apache.avro.SchemaParseException: Cannot parse <null> schema
	at com.mycompany.nats.fx.listener.avro.MyTransformerBinary.<init>(MyTransformerBinary.java:35)
	at com.mycompany.nats.fx.listener.avro.ConnectEventHandler.<init>(ConnectEventHandler.java:25)
	at com.mycompany.nats.fx.listener.avro.MainApp.start(MainApp.java:39)
	at com.jpro.internal.config.ApplicationStarter$.$anonfun$startJApplication$1(ApplicationStarter.scala:133)
	at com.jpro.internal.config.ApplicationStarter$.$anonfun$startJApplication$1$adapted(ApplicationStarter.scala:131)
	at com.jpro.internal.communicator.InstanceImpl.start(InstanceImpl.scala:31)
	at com.jpro.internal.communicator.InstanceImpl.$anonfun$new$2(InstanceImpl.scala:25)
	at scala.runtime.java8.JFunction0$mcV$sp.apply(JFunction0$mcV$sp.java:23)
	at simplefx.cores.standard.parts.CoreTimeEvent.$anonfun$runWhenever$2(CoreTimeEvent.scala:125)
	at simplefx.cores.standard.parts.CoreTimeEvent.$anonfun$runWhenever$2$adapted(CoreTimeEvent.scala:125)
	at simplefx.cores.standard.parts.CoreTypesBindable$BindableImpl.$anonfun$triggerOnChange$3(CoreTypesBindable.scala:208)
	at simplefx.cores.standard.parts.CoreScheduler.runSchedulerImpl(CoreScheduler.scala:73)
	at simplefx.cores.standard.parts.CoreScheduler.runSchedulerImpl$(CoreScheduler.scala:52)
	at simplefx.cores.standard.Core.runSchedulerImpl(Core.scala:9)
	at simplefx.cores.standard.parts.CoreScheduler.tryStartSchedulerStop(CoreScheduler.scala:44)
	at simplefx.cores.standard.parts.CoreScheduler.tryStartSchedulerStop$(CoreScheduler.scala:42)
	at simplefx.cores.standard.Core.tryStartSchedulerStop(Core.scala:9)
	at simplefx.cores.interfaces.parts.CoreTypesEvent$IEventEmitter.emit(CoreTypesEvent.scala:64)
	at simplefx.cores.interfaces.parts.CoreTypesEvent$IEventEmitter.emit$(CoreTypesEvent.scala:64)
	at simplefx.cores.standard.parts.CoreTypesBindable$BindableImpl.emit(CoreTypesBindable.scala:24)
	at simplefx.cores.interfaces.parts.CoreTypesEvent$IEventEmitter.emit$mcZ$sp(CoreTypesEvent.scala:64)
	at simplefx.cores.interfaces.parts.CoreTypesEvent$IEventEmitter.emit$mcZ$sp$(CoreTypesEvent.scala:64)
	at simplefx.cores.standard.parts.CoreTypesBindable$BindableImpl.emit$mcZ$sp(CoreTypesBindable.scala:24)
	at simplefx.cores.standard.parts.CoreTypesBindable$BindableImpl$mcZ$sp.setValue$mcZ$sp(CoreTypesBindable.scala:103)
	at simplefx.cores.standard.parts.CoreTypesBindable$BindableImpl$mcZ$sp.setValue$mcZ$sp(CoreTypesBindable.scala:88)
	at simplefx.cores.standard.parts.CoreTypesBindable$BindableImpl$mcZ$sp.setValue(CoreTypesBindable.scala:88)
	at simplefx.cores.standard.parts.CoreTypesBindable$BindableImpl$mcZ$sp.setValue(CoreTypesBindable.scala:24)
	at simplefx.cores.interfaces.parts.CoreTypesBindable$ISOBindable.set(CoreTypesBindable.scala:161)
	at simplefx.cores.interfaces.parts.CoreTypesBindable$ISOBindable.set$(CoreTypesBindable.scala:161)
	at simplefx.cores.standard.parts.CoreTypesBindable$BindableImpl.set(CoreTypesBindable.scala:24)
	at simplefx.cores.interfaces.parts.CoreTypesBindable$ISOBindable.set$mcZ$sp(CoreTypesBindable.scala:161)
	at simplefx.cores.interfaces.parts.CoreTypesBindable$ISOBindable.set$mcZ$sp$(CoreTypesBindable.scala:161)
	at simplefx.cores.standard.parts.CoreTypesBindable$BindableImpl.set$mcZ$sp(CoreTypesBindable.scala:24)
	at com.jpro.internal.stats.ViewInfo.active_$eq(ViewInfo.scala:35)
	at com.jpro.internal.stats.ViewInfo.active_$eq$(ViewInfo.scala:35)
	at com.jpro.internal.communicator.ViewImpl.active_$eq(ViewImpl.scala:25)
	at com.jpro.internal.communicator.ViewImpl.<init>(ViewImpl.scala:53)
	at com.jpro.internal.communicator.ViewImpl.<init>(ViewImpl.scala:29)
	at com.jpro.internal.server.ViewByActor.<init>(ViewSerializerActor.scala:81)
	at com.jpro.internal.server.ViewSerializerActor$$anonfun$receive$1$$anonfun$applyOrElse$1.$anonfun$applyOrElse$2(ViewSerializerActor.scala:49)
	at scala.runtime.java8.JFunction0$mcV$sp.apply(JFunction0$mcV$sp.java:23)
	at simplefx.util.Predef$.$anonfun$runInAndBlock$1(Predef.scala:184)
	at scala.runtime.java8.JFunction0$mcV$sp.apply(JFunction0$mcV$sp.java:23)
	at simplefx.cores.standard.parts.CoreTimeEvent.$anonfun$runAsAnimation$1(CoreTimeEvent.scala:56)
	at simplefx.cores.standard.parts.CoreTimeEvent$$anon$2.handle(CoreTimeEvent.scala:42)
	at javafx.animation.AnimationTimer$AnimationTimerReceiver.lambda$handle$490(AnimationTimer.java:57)
	at java.security.AccessController.doPrivileged(Native Method)
	at javafx.animation.AnimationTimer$AnimationTimerReceiver.handle(AnimationTimer.java:56)
	at com.sun.scenario.animation.AbstractMasterTimer.timePulseImpl(AbstractMasterTimer.java:357)
	at com.sun.scenario.animation.AbstractMasterTimer$MainLoop.run(AbstractMasterTimer.java:267)
	at com.sun.javafx.tk.quantum.QuantumToolkit.pulse(QuantumToolkit.java:514)
	at com.sun.javafx.tk.quantum.QuantumToolkit.pulse(QuantumToolkit.java:498)
	at com.sun.javafx.tk.quantum.QuantumToolkit.pulseFromQueue(QuantumToolkit.java:491)
	at com.sun.javafx.tk.quantum.QuantumToolkit.lambda$runToolkit$408(QuantumToolkit.java:319)
	at com.sun.glass.ui.monocle.RunnableProcessor.runLoop(RunnableProcessor.java:92)
	at com.sun.glass.ui.monocle.RunnableProcessor.run(RunnableProcessor.java:51)
	at java.lang.Thread.run(Thread.java:748)
Caused by: org.apache.avro.SchemaParseException: Cannot parse <null> schema
	at org.apache.avro.Schema.parse(Schema.java:1595)
	at org.apache.avro.Schema$Parser.parse(Schema.java:1394)
	at org.apache.avro.Schema$Parser.parse(Schema.java:1365)
	at com.mycompany.nats.fx.listener.avro.MyTransformerBinary.<init>(MyTransformerBinary.java:31)
	... 56 common frames omitted
2020-10-15 17:19:48,858 [WARN] from com.jpro.internal.communicator.InstanceImpl in JavaFX Application Thread - Application didn't show the stage. JPro is now calling show()
2020-10-15 17:19:48,896 [ERROR] from com.jpro.internal.server.ViewSerializerActor in JavaFX Application Thread - JavaFXStreamer - got Exception: 
java.lang.NullPointerException: null
	at simplefx.util.ReflectionUtil$UseReflection.applyDynamic(ReflectionUtil.scala:18)
	at com.jpro.internal.communicator.ViewImpl.<init>(ViewImpl.scala:87)
	at com.jpro.internal.communicator.ViewImpl.<init>(ViewImpl.scala:29)
	at com.jpro.internal.server.ViewByActor.<init>(ViewSerializerActor.scala:81)
	at com.jpro.internal.server.ViewSerializerActor$$anonfun$receive$1$$anonfun$applyOrElse$1.$anonfun$applyOrElse$2(ViewSerializerActor.scala:49)
	at scala.runtime.java8.JFunction0$mcV$sp.apply(JFunction0$mcV$sp.java:23)
	at simplefx.util.Predef$.$anonfun$runInAndBlock$1(Predef.scala:184)
	at scala.runtime.java8.JFunction0$mcV$sp.apply(JFunction0$mcV$sp.java:23)
	at simplefx.cores.standard.parts.CoreTimeEvent.$anonfun$runAsAnimation$1(CoreTimeEvent.scala:56)
	at simplefx.cores.standard.parts.CoreTimeEvent$$anon$2.handle(CoreTimeEvent.scala:42)
	at javafx.animation.AnimationTimer$AnimationTimerReceiver.lambda$handle$490(AnimationTimer.java:57)
	at java.security.AccessController.doPrivileged(Native Method)
	at javafx.animation.AnimationTimer$AnimationTimerReceiver.handle(AnimationTimer.java:56)
	at com.sun.scenario.animation.AbstractMasterTimer.timePulseImpl(AbstractMasterTimer.java:357)
	at com.sun.scenario.animation.AbstractMasterTimer$MainLoop.run(AbstractMasterTimer.java:267)
	at com.sun.javafx.tk.quantum.QuantumToolkit.pulse(QuantumToolkit.java:514)
	at com.sun.javafx.tk.quantum.QuantumToolkit.pulse(QuantumToolkit.java:498)
	at com.sun.javafx.tk.quantum.QuantumToolkit.pulseFromQueue(QuantumToolkit.java:491)
	at com.sun.javafx.tk.quantum.QuantumToolkit.lambda$runToolkit$408(QuantumToolkit.java:319)
	at com.sun.glass.ui.monocle.RunnableProcessor.runLoop(RunnableProcessor.java:92)
	at com.sun.glass.ui.monocle.RunnableProcessor.run(RunnableProcessor.java:51)
	at java.lang.Thread.run(Thread.java:748)
2020-10-15 17:19:49,961 [INFO] from com.jpro.meta.stream.Util$ in JavaFX Application Thread - WORKAROUND! setting XY for Window because current XY is NaN
2020-10-15 17:20:49,574 [INFO] from akka.event.slf4j.Slf4jLogger in application-akka.actor.default-dispatcher-2 - Slf4jLogger started
2020-10-15 17:20:50,170 [INFO] from com.jpro.activity in Thread-0 - Starting the server
2020-10-15 17:20:50,170 [INFO] from com.jpro.internal.server.Initializer$ in Thread-0 -  *** Starting JPro: https://www.jpro.one/ ***
2020-10-15 17:20:50,170 [INFO] from com.jpro.internal.server.Initializer$ in Thread-0 - OS: Windows 10
2020-10-15 17:20:50,186 [INFO] from com.jpro.internal.server.Initializer$ in Thread-0 - JPro: 2019.1.0
2020-10-15 17:20:50,186 [INFO] from com.jpro.internal.server.Initializer$ in Thread-0 - Java version: 1.8.0_211
2020-10-15 17:20:50,186 [INFO] from com.jpro.internal.server.Initializer$ in Thread-0 - JVM: 1.8.0_211 Oracle Corporation
2020-10-15 17:20:50,217 [INFO] from com.jpro.internal.server.Initializer$ in Thread-0 - redirected OUT / ERR
2020-10-15 17:20:50,217 [INFO] from com.jpro.internal.server.Initializer$ in Thread-0 - installed SLF4JBridge
2020-10-15 17:20:50,232 [INFO] from com.jpro.internal.server.MonocleInitializer$ in Thread-0 - screen: null
2020-10-15 17:20:50,832 [INFO] from com.jpro.internal.server.Initializer$ in Thread-0 - finished init!
2020-10-15 17:20:50,860 [INFO] from com.jpro.internal.server.Initializer$ in JavaFX Application Thread - JavaFX version: 8.0.211-b10
2020-10-15 17:20:50,902 [INFO] from com.jpro.internal.chart.model.DynamicDataModel in JavaFX Application Thread - Started Monitoring chart data...
2020-10-15 17:20:50,960 [INFO] from com.jpro.internal.chart.model.ChartJSONImExporter in JavaFX Application Thread - Nothing to import
2020-10-15 17:20:51,300 [INFO] from play.api.Play in Thread-0 - Application started (Prod)
2020-10-15 17:20:52,261 [INFO] from play.core.server.AkkaHttpServer in Thread-0 - Listening for HTTP on /0:0:0:0:0:0:0:0:8080
2020-10-15 17:20:53,454 [INFO] from controllers.jpro in application-akka.actor.default-dispatcher-6 - application requested: 0!default
2020-10-15 17:20:53,665 [INFO] from controllers.jpro in application-akka.actor.default-dispatcher-6 - Creating Application: 0!default
2020-10-15 17:20:53,670 [INFO] from controllers.jpro in application-akka.actor.default-dispatcher-6 - remoteAddress 0:0:0:0:0:0:0:1
2020-10-15 17:20:53,671 [INFO] from controllers.jpro in application-akka.actor.default-dispatcher-6 - host          localhost:8080
2020-10-15 17:20:53,671 [INFO] from controllers.jpro in application-akka.actor.default-dispatcher-6 - uri           /app/0!default
2020-10-15 17:20:54,487 [WARN] from javafx.css in JavaFX Application Thread - Resource "/styles/Styles.css" not found.
2020-10-15 17:20:54,739 [INFO] from com.jpro.internal.server.ViewSerializerActor in JavaFX Application Thread - appdef: AppByMain(default,com.mycompany.nats.fx.listener.avro.MainApp,None,NamedClassLoader(system),false) clientinfo: ClientInfo(http://localhost:8080/,http://localhost:8080/app/default,1536.0,722.0,false,ru-UA,List(ru-UA, ru, uk-UA, en-GB, uk, en-US, en),Map())out: Actor[akka://application/system/StreamSupervisor-0/flow-6-2-actorRefSource#158357534]
2020-10-15 17:20:57,182 [INFO] from com.jpro.JS in JavaFX Application Thread - received msg: new MainID: 1004 userid: 53020196
2020-10-15 17:38:15,856 [INFO] from controllers.jpro in application-akka.actor.default-dispatcher-8 - application requested: 0!default
2020-10-15 17:38:15,857 [INFO] from controllers.jpro in application-akka.actor.default-dispatcher-8 - Creating Application: 0!default
2020-10-15 17:38:15,858 [INFO] from controllers.jpro in application-akka.actor.default-dispatcher-8 - remoteAddress 0:0:0:0:0:0:0:1
2020-10-15 17:38:15,858 [INFO] from controllers.jpro in application-akka.actor.default-dispatcher-8 - host          localhost:8080
2020-10-15 17:38:15,858 [INFO] from controllers.jpro in application-akka.actor.default-dispatcher-8 - uri           /app/0!default
2020-10-15 17:38:15,899 [INFO] from com.jpro.internal.server.ViewSerializerActor in JavaFX Application Thread - appdef: AppByMain(default,com.mycompany.nats.fx.listener.avro.MainApp,None,NamedClassLoader(system),false) clientinfo: ClientInfo(http://localhost:8080/,http://localhost:8080/app/default,1536.0,722.0,false,ru-UA,List(ru-UA, ru, uk-UA, en-GB, uk, en-US, en),Map())out: Actor[akka://application/system/StreamSupervisor-0/flow-9-2-actorRefSource#-21010084]
2020-10-15 17:38:16,979 [INFO] from com.jpro.JS in JavaFX Application Thread - received msg: new MainID: 1004 userid: 1112045951
2020-10-15 17:38:18,274 [INFO] from controllers.jpro in application-akka.actor.default-dispatcher-2 - application requested: 0!default
2020-10-15 17:38:18,275 [INFO] from controllers.jpro in application-akka.actor.default-dispatcher-2 - Creating Application: 0!default
2020-10-15 17:38:18,275 [INFO] from controllers.jpro in application-akka.actor.default-dispatcher-2 - remoteAddress 0:0:0:0:0:0:0:1
2020-10-15 17:38:18,275 [INFO] from controllers.jpro in application-akka.actor.default-dispatcher-2 - host          localhost:8080
2020-10-15 17:38:18,275 [INFO] from controllers.jpro in application-akka.actor.default-dispatcher-2 - uri           /app/0!default
2020-10-15 17:38:18,330 [INFO] from com.jpro.internal.server.ViewSerializerActor in JavaFX Application Thread - appdef: AppByMain(default,com.mycompany.nats.fx.listener.avro.MainApp,None,NamedClassLoader(system),false) clientinfo: ClientInfo(http://localhost:8080/,http://localhost:8080/app/default,1536.0,722.0,false,ru-UA,List(ru-UA, ru, uk-UA, en-GB, uk, en-US, en),Map())out: Actor[akka://application/system/StreamSupervisor-0/flow-13-2-actorRefSource#568047299]
2020-10-15 17:38:18,417 [INFO] from com.jpro.JS in JavaFX Application Thread - received msg: new MainID: 1004 userid: 1943084910
2020-10-15 17:38:21,196 [INFO] from com.jpro.internal.stats.ViewInfo$ in JavaFX Application Thread - 
2020-10-15 17:38:21,196 [INFO] from com.jpro.internal.stats.ViewInfo$ in JavaFX Application Thread - Application closed:
2020-10-15 17:38:21,202 [INFO] from com.jpro.internal.stats.ViewInfo$ in JavaFX Application Thread - startTime      : Thu Oct 15 17:38:21 EEST 2020      
2020-10-15 17:38:21,202 [INFO] from com.jpro.internal.stats.ViewInfo$ in JavaFX Application Thread - averageLatency : 00:00:00.154 
2020-10-15 17:38:21,202 [INFO] from com.jpro.internal.stats.ViewInfo$ in JavaFX Application Thread - averageJitter  : 00:00:00.230  
2020-10-15 17:38:21,202 [INFO] from com.jpro.internal.stats.ViewInfo$ in JavaFX Application Thread - framerateServer: 00:00:00.000
2020-10-15 17:38:21,203 [INFO] from com.jpro.internal.stats.ViewInfo$ in JavaFX Application Thread - framerateClient: 00:00:00.000
2020-10-15 17:38:21,203 [INFO] from com.jpro.internal.stats.ViewInfo$ in JavaFX Application Thread - raw            : 47459
2020-10-15 17:38:21,203 [INFO] from com.jpro.internal.stats.ViewInfo$ in JavaFX Application Thread - zipped         : 8628
2020-10-15 17:38:21,203 [INFO] from com.jpro.internal.stats.ViewInfo$ in JavaFX Application Thread - 
2020-10-15 17:38:27,943 [INFO] from com.jpro.internal.communicator.InstanceImpl in JavaFX Application Thread - closing window!
2020-10-15 22:11:03,006 [INFO] from akka.event.slf4j.Slf4jLogger in application-akka.actor.default-dispatcher-3 - Slf4jLogger started
2020-10-15 22:11:05,066 [INFO] from com.jpro.activity in Thread-0 - Starting the server
2020-10-15 22:11:05,066 [INFO] from com.jpro.internal.server.Initializer$ in Thread-0 -  *** Starting JPro: https://www.jpro.one/ ***
2020-10-15 22:11:05,066 [INFO] from com.jpro.internal.server.Initializer$ in Thread-0 - OS: Windows 10
2020-10-15 22:11:05,090 [INFO] from com.jpro.internal.server.Initializer$ in Thread-0 - JPro: 2019.1.0
2020-10-15 22:11:05,090 [INFO] from com.jpro.internal.server.Initializer$ in Thread-0 - Java version: 1.8.0_211
2020-10-15 22:11:05,090 [INFO] from com.jpro.internal.server.Initializer$ in Thread-0 - JVM: 1.8.0_211 Oracle Corporation
2020-10-15 22:11:05,143 [INFO] from com.jpro.internal.server.Initializer$ in Thread-0 - redirected OUT / ERR
2020-10-15 22:11:05,143 [INFO] from com.jpro.internal.server.Initializer$ in Thread-0 - installed SLF4JBridge
2020-10-15 22:11:05,180 [INFO] from com.jpro.internal.server.MonocleInitializer$ in Thread-0 - screen: null
2020-10-15 22:11:05,918 [INFO] from com.jpro.internal.server.Initializer$ in Thread-0 - finished init!
2020-10-15 22:11:05,954 [INFO] from com.jpro.internal.server.Initializer$ in JavaFX Application Thread - JavaFX version: 8.0.211-b10
2020-10-15 22:11:06,019 [INFO] from com.jpro.internal.chart.model.DynamicDataModel in JavaFX Application Thread - Started Monitoring chart data...
2020-10-15 22:11:06,530 [INFO] from com.jpro.internal.chart.model.ChartJSONImExporter in JavaFX Application Thread - Imported chart data Thu Oct 15 22:11:05 EEST 2020
2020-10-15 22:11:07,719 [INFO] from play.api.Play in Thread-0 - Application started (Prod)
2020-10-15 22:11:10,658 [INFO] from play.core.server.AkkaHttpServer in Thread-0 - Listening for HTTP on /0:0:0:0:0:0:0:0:8080
2020-10-15 22:11:12,418 [INFO] from controllers.jpro in application-akka.actor.default-dispatcher-7 - application requested: 0!default
2020-10-15 22:11:12,688 [INFO] from controllers.jpro in application-akka.actor.default-dispatcher-7 - Creating Application: 0!default
2020-10-15 22:11:12,695 [INFO] from controllers.jpro in application-akka.actor.default-dispatcher-7 - remoteAddress 0:0:0:0:0:0:0:1
2020-10-15 22:11:12,695 [INFO] from controllers.jpro in application-akka.actor.default-dispatcher-7 - host          localhost:8080
2020-10-15 22:11:12,695 [INFO] from controllers.jpro in application-akka.actor.default-dispatcher-7 - uri           /app/0!default
2020-10-15 22:11:13,990 [WARN] from javafx.css in JavaFX Application Thread - Resource "/styles/Styles.css" not found.
2020-10-15 22:11:14,267 [INFO] from com.jpro.internal.server.ViewSerializerActor in JavaFX Application Thread - appdef: AppByMain(default,com.mycompany.nats.fx.listener.avro.MainApp,None,NamedClassLoader(system),false) clientinfo: ClientInfo(http://localhost:8080/,http://localhost:8080/app/default,1536.0,722.0,false,ru-UA,List(ru-UA, ru, uk-UA, en-GB, uk, en-US, en),Map())out: Actor[akka://application/system/StreamSupervisor-0/flow-6-2-actorRefSource#891562680]
2020-10-15 22:11:15,670 [INFO] from com.jpro.JS in JavaFX Application Thread - received msg: new MainID: 1004 userid: 253975879
2020-10-15 22:13:19,345 [INFO] from com.jpro.internal.stats.ViewInfo$ in JavaFX Application Thread - 
2020-10-15 22:13:19,345 [INFO] from com.jpro.internal.stats.ViewInfo$ in JavaFX Application Thread - Application closed:
2020-10-15 22:13:19,347 [INFO] from com.jpro.internal.stats.ViewInfo$ in JavaFX Application Thread - startTime      : Thu Oct 15 22:13:19 EEST 2020      
2020-10-15 22:13:19,348 [INFO] from com.jpro.internal.stats.ViewInfo$ in JavaFX Application Thread - averageLatency : 00:00:00.017 
2020-10-15 22:13:19,348 [INFO] from com.jpro.internal.stats.ViewInfo$ in JavaFX Application Thread - averageJitter  : 00:00:00.000  
2020-10-15 22:13:19,351 [INFO] from com.jpro.internal.stats.ViewInfo$ in JavaFX Application Thread - framerateServer: 00:00:00.000
2020-10-15 22:13:19,352 [INFO] from com.jpro.internal.stats.ViewInfo$ in JavaFX Application Thread - framerateClient: 00:00:00.000
2020-10-15 22:13:19,352 [INFO] from com.jpro.internal.stats.ViewInfo$ in JavaFX Application Thread - raw            : 396739
2020-10-15 22:13:19,352 [INFO] from com.jpro.internal.stats.ViewInfo$ in JavaFX Application Thread - zipped         : 96906
2020-10-15 22:13:19,352 [INFO] from com.jpro.internal.stats.ViewInfo$ in JavaFX Application Thread - 
2020-10-15 22:13:19,420 [INFO] from controllers.jpro in application-akka.actor.default-dispatcher-9 - application requested: 0!default
2020-10-15 22:13:19,421 [INFO] from controllers.jpro in application-akka.actor.default-dispatcher-9 - Creating Application: 0!default
2020-10-15 22:13:19,421 [INFO] from controllers.jpro in application-akka.actor.default-dispatcher-9 - remoteAddress 0:0:0:0:0:0:0:1
2020-10-15 22:13:19,421 [INFO] from controllers.jpro in application-akka.actor.default-dispatcher-9 - host          localhost:8080
2020-10-15 22:13:19,421 [INFO] from controllers.jpro in application-akka.actor.default-dispatcher-9 - uri           /app/0!default
2020-10-15 22:13:19,506 [INFO] from com.jpro.internal.server.ViewSerializerActor in JavaFX Application Thread - appdef: AppByMain(default,com.mycompany.nats.fx.listener.avro.MainApp,None,NamedClassLoader(system),false) clientinfo: ClientInfo(http://localhost:8080/,http://localhost:8080/app/default,1536.0,722.0,false,ru-UA,List(ru-UA, ru, uk-UA, en-GB, uk, en-US, en),Map())out: Actor[akka://application/system/StreamSupervisor-0/flow-12-2-actorRefSource#886023269]
2020-10-15 22:13:19,641 [INFO] from com.jpro.JS in JavaFX Application Thread - received msg: new MainID: 1004 userid: 1597979590
2020-10-15 22:13:23,810 [WARN] from com.jpro.meta.tk.SceneInputListener in JavaFX Application Thread - Unknown Keycode: 191
2020-10-15 22:13:23,890 [WARN] from com.jpro.meta.tk.SceneInputListener in JavaFX Application Thread - Unknown Keycode: 191
2020-10-15 22:14:05,951 [INFO] from com.jpro.internal.communicator.InstanceImpl in JavaFX Application Thread - closing window!
2020-10-15 22:14:54,900 [INFO] from controllers.jpro in application-akka.actor.default-dispatcher-4 - application requested: 0!default
2020-10-15 22:14:54,901 [INFO] from controllers.jpro in application-akka.actor.default-dispatcher-4 - Creating Application: 0!default
2020-10-15 22:14:54,902 [INFO] from controllers.jpro in application-akka.actor.default-dispatcher-4 - remoteAddress 0:0:0:0:0:0:0:1
2020-10-15 22:14:54,902 [INFO] from controllers.jpro in application-akka.actor.default-dispatcher-4 - host          localhost:8080
2020-10-15 22:14:54,902 [INFO] from controllers.jpro in application-akka.actor.default-dispatcher-4 - uri           /app/0!default
2020-10-15 22:14:55,095 [INFO] from com.jpro.internal.server.ViewSerializerActor in JavaFX Application Thread - appdef: AppByMain(default,com.mycompany.nats.fx.listener.avro.MainApp,None,NamedClassLoader(system),false) clientinfo: ClientInfo(http://localhost:8080/,http://localhost:8080/app/default,1536.0,722.0,false,ru-RU,List(ru-RU, ru, en-US, en),Map(Idea-99972b2f -> b7eaed3e-45b4-4025-9d7c-cbe2af4c658a))out: Actor[akka://application/system/StreamSupervisor-0/flow-22-2-actorRefSource#-1300993970]
2020-10-15 22:14:55,365 [INFO] from com.jpro.JS in JavaFX Application Thread - received msg: new MainID: 1004 userid: 1321659050
2020-10-15 22:15:01,425 [INFO] from com.jpro.internal.stats.ViewInfo$ in JavaFX Application Thread - 
2020-10-15 22:15:01,425 [INFO] from com.jpro.internal.stats.ViewInfo$ in JavaFX Application Thread - Application closed:
2020-10-15 22:15:01,426 [INFO] from com.jpro.internal.stats.ViewInfo$ in JavaFX Application Thread - startTime      : Thu Oct 15 22:15:01 EEST 2020      
2020-10-15 22:15:01,426 [INFO] from com.jpro.internal.stats.ViewInfo$ in JavaFX Application Thread - averageLatency : 00:00:00.070 
2020-10-15 22:15:01,426 [INFO] from com.jpro.internal.stats.ViewInfo$ in JavaFX Application Thread - averageJitter  : 00:00:00.076  
2020-10-15 22:15:01,426 [INFO] from com.jpro.internal.stats.ViewInfo$ in JavaFX Application Thread - framerateServer: 00:00:00.000
2020-10-15 22:15:01,426 [INFO] from com.jpro.internal.stats.ViewInfo$ in JavaFX Application Thread - framerateClient: 00:00:00.000
2020-10-15 22:15:01,426 [INFO] from com.jpro.internal.stats.ViewInfo$ in JavaFX Application Thread - raw            : 70547
2020-10-15 22:15:01,426 [INFO] from com.jpro.internal.stats.ViewInfo$ in JavaFX Application Thread - zipped         : 14006
2020-10-15 22:15:01,426 [INFO] from com.jpro.internal.stats.ViewInfo$ in JavaFX Application Thread - 
2020-10-15 22:15:01,453 [INFO] from controllers.jpro in application-akka.actor.default-dispatcher-4 - application requested: 1140680079!default
2020-10-15 22:15:01,454 [INFO] from controllers.jpro in application-akka.actor.default-dispatcher-4 - Creating Application: 1140680079!default
2020-10-15 22:15:01,454 [INFO] from controllers.jpro in application-akka.actor.default-dispatcher-4 - remoteAddress 0:0:0:0:0:0:0:1
2020-10-15 22:15:01,454 [INFO] from controllers.jpro in application-akka.actor.default-dispatcher-4 - host          localhost:8080
2020-10-15 22:15:01,455 [INFO] from controllers.jpro in application-akka.actor.default-dispatcher-4 - uri           /app/1140680079!default
2020-10-15 22:15:01,752 [INFO] from controllers.jpro in application-akka.actor.default-dispatcher-8 - application requested: 0!default
2020-10-15 22:15:01,753 [INFO] from controllers.jpro in application-akka.actor.default-dispatcher-8 - Creating Application: 0!default
2020-10-15 22:15:01,753 [INFO] from controllers.jpro in application-akka.actor.default-dispatcher-8 - remoteAddress 0:0:0:0:0:0:0:1
2020-10-15 22:15:01,753 [INFO] from controllers.jpro in application-akka.actor.default-dispatcher-8 - host          localhost:8080
2020-10-15 22:15:01,753 [INFO] from controllers.jpro in application-akka.actor.default-dispatcher-8 - uri           /app/0!default
2020-10-15 22:15:01,892 [INFO] from com.jpro.internal.server.ViewSerializerActor in JavaFX Application Thread - appdef: AppByMain(default,com.mycompany.nats.fx.listener.avro.MainApp,None,NamedClassLoader(system),false) clientinfo: ClientInfo(http://localhost:8080/,http://localhost:8080/app/default,1536.0,722.0,false,ru-RU,List(ru-RU, ru, en-US, en),Map(Idea-99972b2f -> b7eaed3e-45b4-4025-9d7c-cbe2af4c658a))out: Actor[akka://application/system/StreamSupervisor-0/flow-29-2-actorRefSource#-704722987]
2020-10-15 22:15:02,145 [INFO] from com.jpro.JS in JavaFX Application Thread - received msg: new MainID: 1004 userid: 226490680
2020-10-15 22:15:03,865 [WARN] from com.jpro.meta.tk.SceneInputListener in JavaFX Application Thread - Unknown Keycode: 191
2020-10-15 22:15:03,963 [WARN] from com.jpro.meta.tk.SceneInputListener in JavaFX Application Thread - Unknown Keycode: 191
2020-10-15 22:15:08,530 [INFO] from com.jpro.internal.communicator.InstanceImpl in JavaFX Application Thread - closing window!
2020-10-15 22:34:46,355 [INFO] from controllers.jpro in application-akka.actor.default-dispatcher-4 - application requested: 0!default
2020-10-15 22:34:46,357 [INFO] from controllers.jpro in application-akka.actor.default-dispatcher-4 - Creating Application: 0!default
2020-10-15 22:34:46,358 [INFO] from controllers.jpro in application-akka.actor.default-dispatcher-4 - remoteAddress 0:0:0:0:0:0:0:1
2020-10-15 22:34:46,358 [INFO] from controllers.jpro in application-akka.actor.default-dispatcher-4 - host          localhost:8080
2020-10-15 22:34:46,358 [INFO] from controllers.jpro in application-akka.actor.default-dispatcher-4 - uri           /app/0!default
2020-10-15 22:34:46,558 [INFO] from com.jpro.internal.server.ViewSerializerActor in JavaFX Application Thread - appdef: AppByMain(default,com.mycompany.nats.fx.listener.avro.MainApp,None,NamedClassLoader(system),false) clientinfo: ClientInfo(http://localhost:8080/,http://localhost:8080/app/default,1536.0,722.0,false,ru-UA,List(ru-UA, ru, uk-UA, en-GB, uk, en-US, en),Map())out: Actor[akka://application/system/StreamSupervisor-0/flow-36-2-actorRefSource#437932126]
2020-10-15 22:34:46,877 [INFO] from com.jpro.JS in JavaFX Application Thread - received msg: new MainID: 1004 userid: 515900776
