2020-10-15 22:34:52,485 [INFO] in scala-execution-context-global-31 - [info] c.j.i.s.Initializer$ - redirected OUT / ERR
2020-10-15 22:34:52,486 [INFO] in scala-execution-context-global-31 - [info] c.j.i.s.Initializer$ - installed SLF4JBridge
2020-10-15 22:34:52,487 [INFO] in scala-execution-context-global-31 - [info] c.j.i.s.MonocleInitializer$ - screen: null
2020-10-15 22:34:52,487 [INFO] in scala-execution-context-global-31 - Warning: Quantum will not submit render jobs, nothing should draw
2020-10-15 22:34:52,487 [INFO] in scala-execution-context-global-31 - [info] c.j.i.s.Initializer$ - finished init!
2020-10-15 22:34:52,558 [INFO] in scala-execution-context-global-45 - [info] c.j.i.s.Initializer$ - JavaFX version: 8.0.211-b10
2020-10-15 22:34:52,754 [INFO] in scala-execution-context-global-44 - [info] c.j.i.c.m.DynamicDataModel - Started Monitoring chart data...
2020-10-15 22:34:52,755 [INFO] in scala-execution-context-global-44 - [info] c.j.i.c.m.ChartJSONImExporter - Nothing to import
2020-10-15 22:34:53,282 [INFO] in scala-execution-context-global-44 - [info] play.api.Play - Application started (Prod)
2020-10-15 22:34:55,090 [ERROR] in scala-execution-context-global-44 - Oops, cannot start the server.
2020-10-15 22:34:55,100 [ERROR] in scala-execution-context-global-44 - akka.stream.impl.io.ConnectionSourceStage$$anon$1$$anon$2: Bind failed because of java.net.BindException: Address already in use: bind
2020-10-15 22:34:55,101 [ERROR] in scala-execution-context-global-44 - Caused by: java.net.BindException: Address already in use: bind
2020-10-15 22:34:55,102 [INFO] in scala-execution-context-global-44 - [error] a.i.TcpListener - Bind failed for TCP channel on endpoint [/0.0.0.0:8080]
2020-10-15 22:34:55,102 [INFO] in scala-execution-context-global-44 - java.net.BindException: Address already in use: bind
2020-10-15 22:34:55,102 [INFO] in scala-execution-context-global-44 - 	at sun.nio.ch.Net.bind0(Native Method)
2020-10-15 22:34:55,102 [INFO] in scala-execution-context-global-44 - 	at sun.nio.ch.Net.bind(Net.java:433)
2020-10-15 22:34:55,102 [INFO] in scala-execution-context-global-44 - 	at sun.nio.ch.Net.bind(Net.java:425)
2020-10-15 22:34:55,102 [INFO] in scala-execution-context-global-44 - 	at sun.nio.ch.ServerSocketChannelImpl.bind(ServerSocketChannelImpl.java:223)
2020-10-15 22:34:55,103 [INFO] in scala-execution-context-global-44 - 	at sun.nio.ch.ServerSocketAdaptor.bind(ServerSocketAdaptor.java:74)
2020-10-15 22:34:55,103 [INFO] in scala-execution-context-global-44 - 	at akka.io.TcpListener.liftedTree1$1(TcpListener.scala:55)
2020-10-15 22:34:55,103 [INFO] in scala-execution-context-global-31 - 	at akka.io.TcpListener.<init>(TcpListener.scala:52)
2020-10-15 22:34:55,103 [INFO] in scala-execution-context-global-31 - 	at sun.reflect.NativeConstructorAccessorImpl.newInstance0(Native Method)
2020-10-15 22:34:55,103 [INFO] in scala-execution-context-global-31 - 	at sun.reflect.NativeConstructorAccessorImpl.newInstance(NativeConstructorAccessorImpl.java:62)
2020-10-15 22:34:55,103 [INFO] in scala-execution-context-global-31 - 	at sun.reflect.DelegatingConstructorAccessorImpl.newInstance(DelegatingConstructorAccessorImpl.java:45)
2020-10-15 22:34:55,105 [ERROR] in scala-execution-context-global-46 - 	at sun.nio.ch.Net.bind0(Native Method)
2020-10-15 22:34:55,106 [ERROR] in scala-execution-context-global-46 - 	at sun.nio.ch.Net.bind(Net.java:433)
2020-10-15 22:34:55,107 [ERROR] in scala-execution-context-global-46 - 	at sun.nio.ch.Net.bind(Net.java:425)
2020-10-15 22:34:55,110 [ERROR] in scala-execution-context-global-46 - 	at sun.nio.ch.ServerSocketChannelImpl.bind(ServerSocketChannelImpl.java:223)
2020-10-15 22:34:55,112 [ERROR] in scala-execution-context-global-46 - 	at sun.nio.ch.ServerSocketAdaptor.bind(ServerSocketAdaptor.java:74)
2020-10-15 22:34:55,112 [ERROR] in scala-execution-context-global-46 - 	at akka.io.TcpListener.liftedTree1$1(TcpListener.scala:55)
2020-10-15 22:34:55,113 [ERROR] in scala-execution-context-global-46 - 	at akka.io.TcpListener.<init>(TcpListener.scala:52)
2020-10-15 22:34:55,114 [ERROR] in scala-execution-context-global-46 - 	at sun.reflect.NativeConstructorAccessorImpl.newInstance0(Native Method)
2020-10-15 22:34:55,114 [ERROR] in scala-execution-context-global-46 - 	at sun.reflect.NativeConstructorAccessorImpl.newInstance(NativeConstructorAccessorImpl.java:62)
2020-10-15 22:34:55,115 [ERROR] in scala-execution-context-global-46 - 	at sun.reflect.DelegatingConstructorAccessorImpl.newInstance(DelegatingConstructorAccessorImpl.java:45)
2020-10-15 22:34:55,115 [ERROR] in scala-execution-context-global-46 - 	at java.lang.reflect.Constructor.newInstance(Constructor.java:423)
2020-10-15 22:34:55,116 [ERROR] in scala-execution-context-global-46 - 	at akka.util.Reflect$.instantiate(Reflect.scala:66)
2020-10-15 22:34:55,116 [ERROR] in scala-execution-context-global-46 - 	at akka.actor.ArgsReflectConstructor.produce(IndirectActorProducer.scala:96)
2020-10-15 22:34:55,117 [ERROR] in scala-execution-context-global-46 - 	at akka.actor.Props.newActor(Props.scala:212)
2020-10-15 22:34:55,117 [ERROR] in scala-execution-context-global-46 - 	at akka.actor.ActorCell.newActor(ActorCell.scala:624)
2020-10-15 22:34:55,118 [ERROR] in scala-execution-context-global-46 - 	at akka.actor.ActorCell.create(ActorCell.scala:650)
2020-10-15 22:34:55,119 [ERROR] in scala-execution-context-global-46 - 	at akka.actor.ActorCell.invokeAll$1(ActorCell.scala:523)
2020-10-15 22:34:55,119 [ERROR] in scala-execution-context-global-46 - 	at akka.actor.ActorCell.systemInvoke(ActorCell.scala:545)
2020-10-15 22:34:55,121 [ERROR] in scala-execution-context-global-46 - 	at akka.dispatch.Mailbox.processAllSystemMessages(Mailbox.scala:283)
2020-10-15 22:34:55,121 [ERROR] in scala-execution-context-global-46 - 	at akka.dispatch.Mailbox.run(Mailbox.scala:224)
2020-10-15 22:34:55,122 [ERROR] in scala-execution-context-global-46 - 	at akka.dispatch.Mailbox.exec(Mailbox.scala:235)
2020-10-15 22:34:55,122 [ERROR] in scala-execution-context-global-46 - 	at akka.dispatch.forkjoin.ForkJoinTask.doExec(ForkJoinTask.java:260)
2020-10-15 22:34:55,123 [ERROR] in scala-execution-context-global-46 - 	at akka.dispatch.forkjoin.ForkJoinPool$WorkQueue.runTask(ForkJoinPool.java:1339)
2020-10-15 22:34:55,123 [ERROR] in scala-execution-context-global-46 - 	at akka.dispatch.forkjoin.ForkJoinPool.runWorker(ForkJoinPool.java:1979)
2020-10-15 22:34:55,124 [ERROR] in scala-execution-context-global-46 - 	at akka.dispatch.forkjoin.ForkJoinWorkerThread.run(ForkJoinWorkerThread.java:107)
2020-10-15 22:34:55,124 [INFO] in scala-execution-context-global-46 - system exit called ... 
2020-10-15 22:34:55,125 [INFO] in scala-execution-context-global-46 - [warn] c.j.i.s.Initializer$ - JPro prevent System.exit
2020-10-15 22:34:55,125 [ERROR] in scala-execution-context-global-50 - java.lang.reflect.InvocationTargetException
2020-10-15 22:34:55,126 [ERROR] in scala-execution-context-global-50 - 	at sun.reflect.NativeMethodAccessorImpl.invoke0(Native Method)
2020-10-15 22:34:55,127 [ERROR] in scala-execution-context-global-50 - 	at sun.reflect.NativeMethodAccessorImpl.invoke(NativeMethodAccessorImpl.java:62)
2020-10-15 22:34:55,127 [ERROR] in scala-execution-context-global-50 - 	at sun.reflect.DelegatingMethodAccessorImpl.invoke(DelegatingMethodAccessorImpl.java:43)
2020-10-15 22:34:55,128 [ERROR] in scala-execution-context-global-50 - 	at java.lang.reflect.Method.invoke(Method.java:498)
2020-10-15 22:34:55,128 [ERROR] in scala-execution-context-global-50 - 	at com.jpro.boot.JProBoot.callMain(JProBoot.java:73)
2020-10-15 22:34:55,129 [ERROR] in scala-execution-context-global-50 - 	at com.jpro.boot.JProBoot$1.run(JProBoot.java:85)
2020-10-15 22:34:55,130 [ERROR] in scala-execution-context-global-50 - Caused by: java.lang.Exception: Prevented System.exit
2020-10-15 22:34:55,131 [ERROR] in scala-execution-context-global-50 - 	at com.jpro.internal.server.Initializer$$anon$3.checkPermission(Initializer.scala:116)
2020-10-15 22:34:55,131 [ERROR] in scala-execution-context-global-50 - 	at java.lang.SecurityManager.checkExit(SecurityManager.java:761)
2020-10-15 22:34:55,132 [ERROR] in scala-execution-context-global-50 - 	at java.lang.Runtime.exit(Runtime.java:107)
2020-10-15 22:34:55,132 [ERROR] in scala-execution-context-global-50 - 	at java.lang.System.exit(System.java:971)
2020-10-15 22:34:55,133 [ERROR] in scala-execution-context-global-50 - 	at play.core.server.RealServerProcess.exit(ServerProcess.scala:50)
2020-10-15 22:34:55,134 [ERROR] in scala-execution-context-global-50 - 	at play.core.server.ProdServerStart$.start(ProdServerStart.scala:74)
2020-10-15 22:34:55,134 [ERROR] in scala-execution-context-global-50 - 	at play.core.server.ProdServerStart$.main(ProdServerStart.scala:25)
2020-10-15 22:34:55,135 [ERROR] in scala-execution-context-global-50 - 	at play.core.server.ProdServerStart.main(ProdServerStart.scala)
2020-10-15 22:34:55,137 [ERROR] in scala-execution-context-global-50 - 	... 6 more
2020-10-15 22:36:22,849 [INFO] in scala-execution-context-global-31 - [info] c.j.i.s.Initializer$ - redirected OUT / ERR
2020-10-15 22:36:22,850 [INFO] in scala-execution-context-global-31 - [info] c.j.i.s.Initializer$ - installed SLF4JBridge
2020-10-15 22:36:22,850 [INFO] in scala-execution-context-global-31 - [info] c.j.i.s.MonocleInitializer$ - screen: null
2020-10-15 22:36:22,850 [INFO] in scala-execution-context-global-31 - Warning: Quantum will not submit render jobs, nothing should draw
2020-10-15 22:36:22,851 [INFO] in scala-execution-context-global-31 - [info] c.j.i.s.Initializer$ - finished init!
2020-10-15 22:36:22,885 [INFO] in scala-execution-context-global-45 - [info] c.j.i.s.Initializer$ - JavaFX version: 8.0.211-b10
2020-10-15 22:36:22,947 [INFO] in scala-execution-context-global-45 - [info] c.j.i.c.m.DynamicDataModel - Started Monitoring chart data...
2020-10-15 22:36:23,043 [INFO] in scala-execution-context-global-45 - [info] c.j.i.c.m.ChartJSONImExporter - Nothing to import
2020-10-15 22:36:23,504 [INFO] in scala-execution-context-global-45 - [info] play.api.Play - Application started (Prod)
2020-10-15 22:36:24,751 [INFO] in scala-execution-context-global-45 - [info] p.c.s.AkkaHttpServer - Listening for HTTP on /0:0:0:0:0:0:0:0:8080
2020-10-15 22:36:26,521 [INFO] in scala-execution-context-global-45 - [info] c.jpro - application requested: 0!default
2020-10-15 22:36:26,564 [INFO] in scala-execution-context-global-45 - [info] c.jpro - Creating Application: 0!default
2020-10-15 22:36:26,573 [INFO] in scala-execution-context-global-45 - [info] c.jpro - remoteAddress 0:0:0:0:0:0:0:1
2020-10-15 22:36:26,577 [INFO] in scala-execution-context-global-45 - [info] c.jpro - host          localhost:8080
2020-10-15 22:36:26,583 [INFO] in scala-execution-context-global-45 - [info] c.jpro - uri           /app/0!default
2020-10-15 22:36:27,988 [INFO] in scala-execution-context-global-45 - [warn] javafx.css - Resource "/styles/Styles.css" not found.
2020-10-15 22:36:28,448 [INFO] in scala-execution-context-global-45 - [info] c.j.i.s.ViewSerializerActor - appdef: AppByMain(default,com.mycompany.mqttconsumerui.MainApp,None,NamedClassLoader(system),false) clientinfo: ClientInfo(http://localhost:8080/,http://localhost:8080/app/default,1536.0,722.0,false,ru-UA,List(ru-UA, ru, uk-UA, en-GB, uk, en-US, en),Map())out: Actor[akka://application/system/StreamSupervisor-0/flow-6-2-actorRefSource#1179472048]
2020-10-15 22:36:29,210 [INFO] in scala-execution-context-global-45 - [info] com.jpro.JS - received msg: new MainID: 1162 userid: 282408521
2020-10-15 22:37:32,667 [INFO] in scala-execution-context-global-45 - [warn] c.j.m.t.SceneInputListener - Unknown Keycode: 191
2020-10-15 22:37:32,782 [INFO] in scala-execution-context-global-45 - [warn] c.j.m.t.SceneInputListener - Unknown Keycode: 191
2020-10-15 22:37:41,498 [INFO] in scala-execution-context-global-45 - topic=mydata/temperature/#
2020-10-15 22:37:44,626 [INFO] in scala-execution-context-global-45 - [info] c.jpro - application requested: 713856924!default
2020-10-15 22:37:44,628 [INFO] in scala-execution-context-global-45 - [info] c.jpro - Creating Application: 713856924!default
2020-10-15 22:37:44,628 [INFO] in scala-execution-context-global-45 - [info] c.jpro - remoteAddress 0:0:0:0:0:0:0:1
2020-10-15 22:37:44,631 [INFO] in scala-execution-context-global-45 - [info] c.jpro - host          localhost:8080
2020-10-15 22:37:44,632 [INFO] in scala-execution-context-global-45 - [info] c.jpro - uri           /app/713856924!default
2020-10-15 22:37:44,738 [INFO] in scala-execution-context-global-45 - [info] c.j.i.s.ViewSerializerActor - appdef: AppByID(713856924,Some(AppByMain(default,com.mycompany.mqttconsumerui.MainApp,None,NamedClassLoader(system),false))) clientinfo: ClientInfo(http://localhost:8080/,http://localhost:8080/app/default,1536.0,722.0,false,ru-RU,List(ru-RU, ru, en-US, en),Map(Idea-99972b2f -> b7eaed3e-45b4-4025-9d7c-cbe2af4c658a))out: Actor[akka://application/system/StreamSupervisor-0/flow-10-2-actorRefSource#-997102378]
2020-10-15 22:37:44,942 [INFO] in scala-execution-context-global-45 - [info] com.jpro.JS - received msg: new MainID: 1162 userid: 11019935
2020-10-15 22:37:52,401 [INFO] in scala-execution-context-global-45 - [warn] c.j.m.t.SceneInputListener - Unknown Keycode: 191
2020-10-15 22:37:52,500 [INFO] in scala-execution-context-global-45 - [warn] c.j.m.t.SceneInputListener - Unknown Keycode: 191
2020-10-15 22:37:54,836 [INFO] in scala-execution-context-global-45 - [warn] c.j.m.t.SceneInputListener - Unknown Keycode: 191
2020-10-15 22:37:54,988 [INFO] in scala-execution-context-global-45 - [warn] c.j.m.t.SceneInputListener - Unknown Keycode: 191
2020-10-15 22:37:58,052 [INFO] in scala-execution-context-global-44 - topic=mydata/temperature/+/data
2020-10-15 22:38:21,634 [ERROR] in scala-execution-context-global-44 - java.lang.AssertionError: assertion failed: Please make sure, that you are using the JavaFX-Application-Thread
2020-10-15 22:38:21,635 [ERROR] in scala-execution-context-global-44 - 	at scala.Predef$.assert(Predef.scala:223)
2020-10-15 22:38:21,635 [ERROR] in scala-execution-context-global-44 - 	at simplefx.cores.standard.parts.CoreScheduler.tryStartSchedulerStart(CoreScheduler.scala:32)
2020-10-15 22:38:21,635 [ERROR] in scala-execution-context-global-44 - 	at simplefx.cores.standard.parts.CoreScheduler.tryStartSchedulerStart$(CoreScheduler.scala:29)
2020-10-15 22:38:21,636 [ERROR] in scala-execution-context-global-44 - 	at simplefx.cores.standard.Core.tryStartSchedulerStart(Core.scala:9)
2020-10-15 22:38:21,637 [ERROR] in scala-execution-context-global-44 - 	at simplefx.cores.interfaces.parts.javafx.CoreJavaFXBindable$$anon$2.changed(CoreJavaFXBindable.scala:52)
2020-10-15 22:38:21,637 [ERROR] in scala-execution-context-global-44 - 	at com.sun.javafx.binding.ExpressionHelper$SingleChange.fireValueChangedEvent(ExpressionHelper.java:182)
2020-10-15 22:38:21,638 [ERROR] in scala-execution-context-global-44 - 	at com.sun.javafx.binding.ExpressionHelper.fireValueChangedEvent(ExpressionHelper.java:81)
2020-10-15 22:38:21,638 [ERROR] in scala-execution-context-global-44 - 	at javafx.scene.Node$LazyBoundsProperty.invalidate(Node.java:9316)
2020-10-15 22:38:21,638 [ERROR] in scala-execution-context-global-44 - 	at javafx.scene.Node.impl_layoutBoundsChanged(Node.java:3401)
2020-10-15 22:38:21,639 [ERROR] in scala-execution-context-global-44 - 	at javafx.scene.Node.impl_notifyLayoutBoundsChanged(Node.java:3814)
2020-10-15 22:38:21,640 [ERROR] in scala-execution-context-global-44 - 	at javafx.scene.Node.impl_geomChanged(Node.java:3765)
2020-10-15 22:38:21,640 [ERROR] in scala-execution-context-global-44 - 	at javafx.scene.text.Text.impl_geomChanged(Text.java:766)
2020-10-15 22:38:21,640 [ERROR] in scala-execution-context-global-44 - 	at javafx.scene.text.Text.needsTextLayout(Text.java:194)
2020-10-15 22:38:21,641 [ERROR] in scala-execution-context-global-44 - 	at javafx.scene.text.Text.needsFullTextLayout(Text.java:189)
2020-10-15 22:38:21,641 [ERROR] in scala-execution-context-global-44 - 	at javafx.scene.text.Text.access$200(Text.java:95)
2020-10-15 22:38:21,642 [ERROR] in scala-execution-context-global-44 - 	at javafx.scene.text.Text$2.invalidated(Text.java:389)
2020-10-15 22:38:21,642 [ERROR] in scala-execution-context-global-44 - 	at javafx.beans.property.StringPropertyBase.markInvalid(StringPropertyBase.java:109)
2020-10-15 22:38:21,644 [ERROR] in scala-execution-context-global-44 - 	at javafx.beans.property.StringPropertyBase.set(StringPropertyBase.java:144)
2020-10-15 22:38:21,644 [ERROR] in scala-execution-context-global-44 - 	at javafx.beans.property.StringPropertyBase.set(StringPropertyBase.java:49)
2020-10-15 22:38:21,644 [ERROR] in scala-execution-context-global-44 - 	at javafx.scene.text.Text.setText(Text.java:370)
2020-10-15 22:38:21,645 [ERROR] in scala-execution-context-global-44 - 	at com.sun.javafx.scene.control.skin.TextAreaSkin.lambda$new$206(TextAreaSkin.java:586)
2020-10-15 22:38:21,645 [ERROR] in scala-execution-context-global-44 - 	at com.sun.javafx.binding.ExpressionHelper$Generic.fireValueChangedEvent(ExpressionHelper.java:349)
2020-10-15 22:38:21,645 [ERROR] in scala-execution-context-global-44 - 	at com.sun.javafx.binding.ExpressionHelper.fireValueChangedEvent(ExpressionHelper.java:81)
2020-10-15 22:38:21,646 [ERROR] in scala-execution-context-global-44 - 	at javafx.scene.control.TextInputControl$TextProperty.fireValueChangedEvent(TextInputControl.java:1389)
2020-10-15 22:38:21,646 [ERROR] in scala-execution-context-global-44 - 	at javafx.scene.control.TextInputControl$TextProperty.markInvalid(TextInputControl.java:1393)
2020-10-15 22:38:21,646 [ERROR] in scala-execution-context-global-44 - 	at javafx.scene.control.TextInputControl$TextProperty.controlContentHasChanged(TextInputControl.java:1332)
2020-10-15 22:38:21,647 [ERROR] in scala-execution-context-global-44 - 	at javafx.scene.control.TextInputControl$TextProperty.access$1600(TextInputControl.java:1300)
2020-10-15 22:38:21,647 [ERROR] in scala-execution-context-global-44 - 	at javafx.scene.control.TextInputControl.lambda$new$43(TextInputControl.java:139)
2020-10-15 22:38:21,648 [ERROR] in scala-execution-context-global-44 - 	at com.sun.javafx.binding.ExpressionHelper$SingleInvalidation.fireValueChangedEvent(ExpressionHelper.java:137)
2020-10-15 22:38:21,648 [ERROR] in scala-execution-context-global-44 - 	at com.sun.javafx.binding.ExpressionHelper.fireValueChangedEvent(ExpressionHelper.java:81)
2020-10-15 22:38:21,648 [ERROR] in scala-execution-context-global-44 - 	at javafx.scene.control.TextArea$TextAreaContent.insert(TextArea.java:207)
2020-10-15 22:38:21,649 [ERROR] in scala-execution-context-global-44 - 	at javafx.scene.control.TextInputControl.replaceText(TextInputControl.java:1204)
2020-10-15 22:38:21,649 [ERROR] in scala-execution-context-global-44 - 	at javafx.scene.control.TextInputControl.updateContent(TextInputControl.java:556)
2020-10-15 22:38:21,649 [ERROR] in scala-execution-context-global-44 - 	at javafx.scene.control.TextInputControl.replaceText(TextInputControl.java:548)
2020-10-15 22:38:21,650 [ERROR] in scala-execution-context-global-44 - 	at javafx.scene.control.TextInputControl.insertText(TextInputControl.java:473)
2020-10-15 22:38:21,651 [ERROR] in scala-execution-context-global-44 - 	at javafx.scene.control.TextInputControl.appendText(TextInputControl.java:463)
2020-10-15 22:38:21,651 [ERROR] in scala-execution-context-global-44 - 	at com.mycompany.mqttconsumerui.MessageListener.messageArrived(MessageListener.java:18)
2020-10-15 22:38:21,652 [ERROR] in scala-execution-context-global-44 - 	at org.eclipse.paho.client.mqttv3.internal.CommsCallback.deliverMessage(CommsCallback.java:491)
2020-10-15 22:38:21,653 [ERROR] in scala-execution-context-global-44 - 	at org.eclipse.paho.client.mqttv3.internal.CommsCallback.handleMessage(CommsCallback.java:402)
2020-10-15 22:38:21,653 [ERROR] in scala-execution-context-global-44 - 	at org.eclipse.paho.client.mqttv3.internal.CommsCallback.run(CommsCallback.java:206)
2020-10-15 22:38:21,654 [ERROR] in scala-execution-context-global-44 - 	at java.util.concurrent.Executors$RunnableAdapter.call(Executors.java:511)
2020-10-15 22:38:21,654 [ERROR] in scala-execution-context-global-44 - 	at java.util.concurrent.FutureTask.run(FutureTask.java:266)
2020-10-15 22:38:21,655 [ERROR] in scala-execution-context-global-44 - 	at java.util.concurrent.ScheduledThreadPoolExecutor$ScheduledFutureTask.access$201(ScheduledThreadPoolExecutor.java:180)
2020-10-15 22:38:21,655 [ERROR] in scala-execution-context-global-44 - 	at java.util.concurrent.ScheduledThreadPoolExecutor$ScheduledFutureTask.run(ScheduledThreadPoolExecutor.java:293)
2020-10-15 22:38:21,656 [ERROR] in scala-execution-context-global-44 - 	at java.util.concurrent.ThreadPoolExecutor.runWorker(ThreadPoolExecutor.java:1149)
2020-10-15 22:38:21,656 [ERROR] in scala-execution-context-global-44 - 	at java.util.concurrent.ThreadPoolExecutor$Worker.run(ThreadPoolExecutor.java:624)
2020-10-15 22:38:21,656 [ERROR] in scala-execution-context-global-44 - 	at java.lang.Thread.run(Thread.java:748)
2020-10-15 22:38:21,657 [ERROR] in scala-execution-context-global-44 - java.lang.AssertionError: assertion failed: Please make sure, that you are using the JavaFX-Application-Thread
2020-10-15 22:38:21,658 [ERROR] in scala-execution-context-global-44 - 	at scala.Predef$.assert(Predef.scala:223)
2020-10-15 22:38:21,658 [ERROR] in scala-execution-context-global-44 - 	at simplefx.cores.standard.parts.CoreScheduler.tryStartSchedulerStart(CoreScheduler.scala:32)
2020-10-15 22:38:21,658 [ERROR] in scala-execution-context-global-44 - 	at simplefx.cores.standard.parts.CoreScheduler.tryStartSchedulerStart$(CoreScheduler.scala:29)
2020-10-15 22:38:21,660 [ERROR] in scala-execution-context-global-44 - 	at simplefx.cores.standard.Core.tryStartSchedulerStart(Core.scala:9)
2020-10-15 22:38:21,661 [ERROR] in scala-execution-context-global-44 - 	at simplefx.cores.interfaces.parts.javafx.CoreJavaFXBindable$$anon$2.changed(CoreJavaFXBindable.scala:52)
2020-10-15 22:38:21,661 [ERROR] in scala-execution-context-global-44 - 	at com.sun.javafx.binding.ExpressionHelper$SingleChange.fireValueChangedEvent(ExpressionHelper.java:182)
2020-10-15 22:38:21,661 [ERROR] in scala-execution-context-global-44 - 	at com.sun.javafx.binding.ExpressionHelper.fireValueChangedEvent(ExpressionHelper.java:81)
2020-10-15 22:38:21,662 [ERROR] in scala-execution-context-global-44 - 	at javafx.scene.Node$LazyBoundsProperty.invalidate(Node.java:9316)
2020-10-15 22:38:21,662 [ERROR] in scala-execution-context-global-44 - 	at javafx.scene.Node.impl_layoutBoundsChanged(Node.java:3401)
2020-10-15 22:38:21,662 [ERROR] in scala-execution-context-global-44 - 	at javafx.scene.Node.impl_notifyLayoutBoundsChanged(Node.java:3814)
2020-10-15 22:38:21,663 [ERROR] in scala-execution-context-global-44 - 	at javafx.scene.Node.impl_geomChanged(Node.java:3765)
2020-10-15 22:38:21,663 [ERROR] in scala-execution-context-global-44 - 	at javafx.scene.text.Text.impl_geomChanged(Text.java:766)
2020-10-15 22:38:21,663 [ERROR] in scala-execution-context-global-44 - 	at javafx.scene.text.Text.needsTextLayout(Text.java:194)
2020-10-15 22:38:21,664 [ERROR] in scala-execution-context-global-44 - 	at javafx.scene.text.Text.needsFullTextLayout(Text.java:189)
2020-10-15 22:38:21,664 [ERROR] in scala-execution-context-global-44 - 	at javafx.scene.text.Text.access$200(Text.java:95)
2020-10-15 22:38:21,665 [ERROR] in scala-execution-context-global-44 - 	at javafx.scene.text.Text$2.invalidated(Text.java:389)
2020-10-15 22:38:21,665 [ERROR] in scala-execution-context-global-44 - 	at javafx.beans.property.StringPropertyBase.markInvalid(StringPropertyBase.java:109)
2020-10-15 22:38:21,665 [ERROR] in scala-execution-context-global-44 - 	at javafx.beans.property.StringPropertyBase.set(StringPropertyBase.java:144)
2020-10-15 22:38:21,666 [ERROR] in scala-execution-context-global-44 - 	at javafx.beans.property.StringPropertyBase.set(StringPropertyBase.java:49)
2020-10-15 22:38:21,666 [ERROR] in scala-execution-context-global-44 - 	at javafx.scene.text.Text.setText(Text.java:370)
2020-10-15 22:38:21,666 [ERROR] in scala-execution-context-global-44 - 	at com.sun.javafx.scene.control.skin.TextAreaSkin.lambda$new$206(TextAreaSkin.java:586)
2020-10-15 22:38:21,667 [ERROR] in scala-execution-context-global-44 - 	at com.sun.javafx.binding.ExpressionHelper$Generic.fireValueChangedEvent(ExpressionHelper.java:349)
2020-10-15 22:38:21,667 [ERROR] in scala-execution-context-global-44 - 	at com.sun.javafx.binding.ExpressionHelper.fireValueChangedEvent(ExpressionHelper.java:81)
2020-10-15 22:38:21,668 [ERROR] in scala-execution-context-global-44 - 	at javafx.scene.control.TextInputControl$TextProperty.fireValueChangedEvent(TextInputControl.java:1389)
2020-10-15 22:38:21,668 [ERROR] in scala-execution-context-global-44 - 	at javafx.scene.control.TextInputControl$TextProperty.markInvalid(TextInputControl.java:1393)
2020-10-15 22:38:21,668 [ERROR] in scala-execution-context-global-44 - 	at javafx.scene.control.TextInputControl$TextProperty.controlContentHasChanged(TextInputControl.java:1332)
2020-10-15 22:38:21,669 [ERROR] in scala-execution-context-global-44 - 	at javafx.scene.control.TextInputControl$TextProperty.access$1600(TextInputControl.java:1300)
2020-10-15 22:38:21,669 [ERROR] in scala-execution-context-global-44 - 	at javafx.scene.control.TextInputControl.lambda$new$43(TextInputControl.java:139)
2020-10-15 22:38:21,669 [ERROR] in scala-execution-context-global-44 - 	at com.sun.javafx.binding.ExpressionHelper$SingleInvalidation.fireValueChangedEvent(ExpressionHelper.java:137)
2020-10-15 22:38:21,670 [ERROR] in scala-execution-context-global-44 - 	at com.sun.javafx.binding.ExpressionHelper.fireValueChangedEvent(ExpressionHelper.java:81)
2020-10-15 22:38:21,670 [ERROR] in scala-execution-context-global-44 - 	at javafx.scene.control.TextArea$TextAreaContent.insert(TextArea.java:207)
2020-10-15 22:38:21,671 [ERROR] in scala-execution-context-global-44 - 	at javafx.scene.control.TextInputControl.replaceText(TextInputControl.java:1204)
2020-10-15 22:38:21,672 [ERROR] in scala-execution-context-global-44 - 	at javafx.scene.control.TextInputControl.updateContent(TextInputControl.java:556)
2020-10-15 22:38:21,675 [ERROR] in scala-execution-context-global-44 - 	at javafx.scene.control.TextInputControl.replaceText(TextInputControl.java:548)
2020-10-15 22:38:21,676 [ERROR] in scala-execution-context-global-44 - 	at javafx.scene.control.TextInputControl.insertText(TextInputControl.java:473)
2020-10-15 22:38:21,676 [ERROR] in scala-execution-context-global-44 - 	at javafx.scene.control.TextInputControl.appendText(TextInputControl.java:463)
2020-10-15 22:38:21,677 [ERROR] in scala-execution-context-global-44 - 	at com.mycompany.mqttconsumerui.MessageListener.messageArrived(MessageListener.java:18)
2020-10-15 22:38:21,677 [ERROR] in scala-execution-context-global-44 - 	at org.eclipse.paho.client.mqttv3.internal.CommsCallback.deliverMessage(CommsCallback.java:491)
2020-10-15 22:38:21,678 [ERROR] in scala-execution-context-global-44 - 	at org.eclipse.paho.client.mqttv3.internal.CommsCallback.handleMessage(CommsCallback.java:402)
2020-10-15 22:38:21,678 [ERROR] in scala-execution-context-global-44 - 	at org.eclipse.paho.client.mqttv3.internal.CommsCallback.run(CommsCallback.java:206)
2020-10-15 22:38:21,678 [ERROR] in scala-execution-context-global-44 - 	at java.util.concurrent.Executors$RunnableAdapter.call(Executors.java:511)
2020-10-15 22:38:21,679 [ERROR] in scala-execution-context-global-44 - 	at java.util.concurrent.FutureTask.run(FutureTask.java:266)
2020-10-15 22:38:21,679 [ERROR] in scala-execution-context-global-44 - 	at java.util.concurrent.ScheduledThreadPoolExecutor$ScheduledFutureTask.access$201(ScheduledThreadPoolExecutor.java:180)
2020-10-15 22:38:21,681 [ERROR] in scala-execution-context-global-44 - 	at java.util.concurrent.ScheduledThreadPoolExecutor$ScheduledFutureTask.run(ScheduledThreadPoolExecutor.java:293)
2020-10-15 22:38:21,682 [ERROR] in scala-execution-context-global-44 - 	at java.util.concurrent.ThreadPoolExecutor.runWorker(ThreadPoolExecutor.java:1149)
2020-10-15 22:38:21,683 [ERROR] in scala-execution-context-global-44 - 	at java.util.concurrent.ThreadPoolExecutor$Worker.run(ThreadPoolExecutor.java:624)
2020-10-15 22:38:21,684 [ERROR] in scala-execution-context-global-44 - 	at java.lang.Thread.run(Thread.java:748)
2020-10-15 22:38:46,594 [INFO] in scala-execution-context-global-44 - [info] c.j.i.s.ViewInfo$ - 
2020-10-15 22:38:46,595 [INFO] in scala-execution-context-global-44 - [info] c.j.i.s.ViewInfo$ - Application closed:
2020-10-15 22:38:46,599 [INFO] in scala-execution-context-global-44 - [info] c.j.i.s.ViewInfo$ - startTime      : Thu Oct 15 22:38:46 EEST 2020      
2020-10-15 22:38:46,599 [INFO] in scala-execution-context-global-44 - [info] c.j.i.s.ViewInfo$ - averageLatency : 00:00:00.017 
2020-10-15 22:38:46,599 [INFO] in scala-execution-context-global-44 - [info] c.j.i.s.ViewInfo$ - averageJitter  : 00:00:00.000  
2020-10-15 22:38:46,601 [INFO] in scala-execution-context-global-44 - [info] c.j.i.s.ViewInfo$ - framerateServer: 00:00:00.000
2020-10-15 22:38:46,602 [INFO] in scala-execution-context-global-44 - [info] c.j.i.s.ViewInfo$ - framerateClient: 00:00:00.000
2020-10-15 22:38:46,603 [INFO] in scala-execution-context-global-44 - [info] c.j.i.s.ViewInfo$ - raw            : 393658
2020-10-15 22:38:46,603 [INFO] in scala-execution-context-global-44 - [info] c.j.i.s.ViewInfo$ - zipped         : 106189
2020-10-15 22:38:46,603 [INFO] in scala-execution-context-global-44 - [info] c.j.i.s.ViewInfo$ - 
2020-10-15 22:38:46,656 [INFO] in scala-execution-context-global-44 - [info] c.jpro - application requested: 0!default
2020-10-15 22:38:46,657 [INFO] in scala-execution-context-global-44 - [info] c.jpro - Creating Application: 0!default
2020-10-15 22:38:46,661 [INFO] in scala-execution-context-global-44 - [info] c.jpro - remoteAddress 0:0:0:0:0:0:0:1
2020-10-15 22:38:46,662 [INFO] in scala-execution-context-global-44 - [info] c.jpro - host          localhost:8080
2020-10-15 22:38:46,662 [INFO] in scala-execution-context-global-44 - [info] c.jpro - uri           /app/0!default
2020-10-15 22:38:46,739 [INFO] in scala-execution-context-global-44 - [info] c.j.i.s.ViewSerializerActor - appdef: AppByMain(default,com.mycompany.mqttconsumerui.MainApp,None,NamedClassLoader(system),false) clientinfo: ClientInfo(http://localhost:8080/,http://localhost:8080/app/default,1536.0,722.0,false,ru-UA,List(ru-UA, ru, uk-UA, en-GB, uk, en-US, en),Map())out: Actor[akka://application/system/StreamSupervisor-0/flow-16-2-actorRefSource#1218854674]
2020-10-15 22:38:46,879 [INFO] in scala-execution-context-global-44 - [info] com.jpro.JS - received msg: new MainID: 1162 userid: 664312283
2020-10-15 22:38:50,804 [INFO] in scala-execution-context-global-44 - topic=mydata/temperature
2020-10-15 22:39:00,690 [ERROR] in scala-execution-context-global-44 - java.lang.AssertionError: assertion failed: Please make sure, that you are using the JavaFX-Application-Thread
2020-10-15 22:39:00,690 [ERROR] in scala-execution-context-global-44 - 	at scala.Predef$.assert(Predef.scala:223)
2020-10-15 22:39:00,691 [ERROR] in scala-execution-context-global-44 - 	at simplefx.cores.standard.parts.CoreScheduler.tryStartSchedulerStart(CoreScheduler.scala:32)
2020-10-15 22:39:00,691 [ERROR] in scala-execution-context-global-44 - 	at simplefx.cores.standard.parts.CoreScheduler.tryStartSchedulerStart$(CoreScheduler.scala:29)
2020-10-15 22:39:00,691 [ERROR] in scala-execution-context-global-44 - 	at simplefx.cores.standard.Core.tryStartSchedulerStart(Core.scala:9)
2020-10-15 22:39:00,692 [ERROR] in scala-execution-context-global-44 - 	at simplefx.cores.interfaces.parts.javafx.CoreJavaFXBindable$$anon$2.changed(CoreJavaFXBindable.scala:52)
2020-10-15 22:39:00,692 [ERROR] in scala-execution-context-global-44 - 	at com.sun.javafx.binding.ExpressionHelper$SingleChange.fireValueChangedEvent(ExpressionHelper.java:182)
2020-10-15 22:39:00,692 [ERROR] in scala-execution-context-global-44 - 	at com.sun.javafx.binding.ExpressionHelper.fireValueChangedEvent(ExpressionHelper.java:81)
2020-10-15 22:39:00,693 [ERROR] in scala-execution-context-global-44 - 	at javafx.scene.Node$LazyBoundsProperty.invalidate(Node.java:9316)
2020-10-15 22:39:00,693 [ERROR] in scala-execution-context-global-44 - 	at javafx.scene.Node.impl_layoutBoundsChanged(Node.java:3401)
2020-10-15 22:39:00,693 [ERROR] in scala-execution-context-global-44 - 	at javafx.scene.Node.impl_notifyLayoutBoundsChanged(Node.java:3814)
2020-10-15 22:39:00,694 [ERROR] in scala-execution-context-global-44 - 	at javafx.scene.Node.impl_geomChanged(Node.java:3765)
2020-10-15 22:39:00,695 [ERROR] in scala-execution-context-global-44 - 	at javafx.scene.text.Text.impl_geomChanged(Text.java:766)
2020-10-15 22:39:00,697 [ERROR] in scala-execution-context-global-44 - 	at javafx.scene.text.Text.needsTextLayout(Text.java:194)
2020-10-15 22:39:00,697 [ERROR] in scala-execution-context-global-44 - 	at javafx.scene.text.Text.needsFullTextLayout(Text.java:189)
2020-10-15 22:39:00,697 [ERROR] in scala-execution-context-global-44 - 	at javafx.scene.text.Text.access$200(Text.java:95)
2020-10-15 22:39:00,698 [ERROR] in scala-execution-context-global-44 - 	at javafx.scene.text.Text$2.invalidated(Text.java:389)
2020-10-15 22:39:00,698 [ERROR] in scala-execution-context-global-44 - 	at javafx.beans.property.StringPropertyBase.markInvalid(StringPropertyBase.java:109)
2020-10-15 22:39:00,699 [ERROR] in scala-execution-context-global-44 - 	at javafx.beans.property.StringPropertyBase.set(StringPropertyBase.java:144)
2020-10-15 22:39:00,699 [ERROR] in scala-execution-context-global-44 - 	at javafx.beans.property.StringPropertyBase.set(StringPropertyBase.java:49)
2020-10-15 22:39:00,700 [ERROR] in scala-execution-context-global-44 - 	at javafx.scene.text.Text.setText(Text.java:370)
2020-10-15 22:39:00,700 [ERROR] in scala-execution-context-global-44 - 	at com.sun.javafx.scene.control.skin.TextAreaSkin.lambda$new$206(TextAreaSkin.java:586)
2020-10-15 22:39:00,700 [ERROR] in scala-execution-context-global-44 - 	at com.sun.javafx.binding.ExpressionHelper$Generic.fireValueChangedEvent(ExpressionHelper.java:349)
2020-10-15 22:39:00,701 [ERROR] in scala-execution-context-global-44 - 	at com.sun.javafx.binding.ExpressionHelper.fireValueChangedEvent(ExpressionHelper.java:81)
2020-10-15 22:39:00,701 [ERROR] in scala-execution-context-global-44 - 	at javafx.scene.control.TextInputControl$TextProperty.fireValueChangedEvent(TextInputControl.java:1389)
2020-10-15 22:39:00,701 [ERROR] in scala-execution-context-global-44 - 	at javafx.scene.control.TextInputControl$TextProperty.markInvalid(TextInputControl.java:1393)
2020-10-15 22:39:00,702 [ERROR] in scala-execution-context-global-44 - 	at javafx.scene.control.TextInputControl$TextProperty.controlContentHasChanged(TextInputControl.java:1332)
2020-10-15 22:39:00,702 [ERROR] in scala-execution-context-global-44 - 	at javafx.scene.control.TextInputControl$TextProperty.access$1600(TextInputControl.java:1300)
2020-10-15 22:39:00,702 [ERROR] in scala-execution-context-global-44 - 	at javafx.scene.control.TextInputControl.lambda$new$43(TextInputControl.java:139)
2020-10-15 22:39:00,703 [ERROR] in scala-execution-context-global-44 - 	at com.sun.javafx.binding.ExpressionHelper$SingleInvalidation.fireValueChangedEvent(ExpressionHelper.java:137)
2020-10-15 22:39:00,705 [ERROR] in scala-execution-context-global-44 - 	at com.sun.javafx.binding.ExpressionHelper.fireValueChangedEvent(ExpressionHelper.java:81)
2020-10-15 22:39:00,706 [ERROR] in scala-execution-context-global-44 - 	at javafx.scene.control.TextArea$TextAreaContent.insert(TextArea.java:207)
2020-10-15 22:39:00,706 [ERROR] in scala-execution-context-global-44 - 	at javafx.scene.control.TextInputControl.replaceText(TextInputControl.java:1204)
2020-10-15 22:39:00,706 [ERROR] in scala-execution-context-global-44 - 	at javafx.scene.control.TextInputControl.updateContent(TextInputControl.java:556)
2020-10-15 22:39:00,707 [ERROR] in scala-execution-context-global-44 - 	at javafx.scene.control.TextInputControl.replaceText(TextInputControl.java:548)
2020-10-15 22:39:00,707 [ERROR] in scala-execution-context-global-44 - 	at javafx.scene.control.TextInputControl.insertText(TextInputControl.java:473)
2020-10-15 22:39:00,708 [ERROR] in scala-execution-context-global-44 - 	at javafx.scene.control.TextInputControl.appendText(TextInputControl.java:463)
2020-10-15 22:39:00,709 [ERROR] in scala-execution-context-global-44 - 	at com.mycompany.mqttconsumerui.MessageListener.messageArrived(MessageListener.java:18)
2020-10-15 22:39:00,709 [ERROR] in scala-execution-context-global-44 - 	at org.eclipse.paho.client.mqttv3.internal.CommsCallback.deliverMessage(CommsCallback.java:491)
2020-10-15 22:39:00,709 [ERROR] in scala-execution-context-global-44 - 	at org.eclipse.paho.client.mqttv3.internal.CommsCallback.handleMessage(CommsCallback.java:402)
2020-10-15 22:39:00,710 [ERROR] in scala-execution-context-global-44 - 	at org.eclipse.paho.client.mqttv3.internal.CommsCallback.run(CommsCallback.java:206)
2020-10-15 22:39:00,710 [ERROR] in scala-execution-context-global-44 - 	at java.util.concurrent.Executors$RunnableAdapter.call(Executors.java:511)
2020-10-15 22:39:00,710 [ERROR] in scala-execution-context-global-44 - 	at java.util.concurrent.FutureTask.run(FutureTask.java:266)
2020-10-15 22:39:00,711 [ERROR] in scala-execution-context-global-44 - 	at java.util.concurrent.ScheduledThreadPoolExecutor$ScheduledFutureTask.access$201(ScheduledThreadPoolExecutor.java:180)
2020-10-15 22:39:00,711 [ERROR] in scala-execution-context-global-44 - 	at java.util.concurrent.ScheduledThreadPoolExecutor$ScheduledFutureTask.run(ScheduledThreadPoolExecutor.java:293)
2020-10-15 22:39:00,712 [ERROR] in scala-execution-context-global-44 - 	at java.util.concurrent.ThreadPoolExecutor.runWorker(ThreadPoolExecutor.java:1149)
2020-10-15 22:39:00,712 [ERROR] in scala-execution-context-global-44 - 	at java.util.concurrent.ThreadPoolExecutor$Worker.run(ThreadPoolExecutor.java:624)
2020-10-15 22:39:00,712 [ERROR] in scala-execution-context-global-44 - 	at java.lang.Thread.run(Thread.java:748)
2020-10-15 22:39:05,948 [INFO] in scala-execution-context-global-44 - [info] c.j.i.s.ViewInfo$ - 
2020-10-15 22:39:05,949 [INFO] in scala-execution-context-global-44 - [info] c.j.i.s.ViewInfo$ - Application closed:
2020-10-15 22:39:05,949 [INFO] in scala-execution-context-global-47 - [info] c.j.i.s.ViewInfo$ - startTime      : Thu Oct 15 22:39:05 EEST 2020      
2020-10-15 22:39:05,950 [INFO] in scala-execution-context-global-47 - [info] c.j.i.s.ViewInfo$ - averageLatency : 00:00:00.018 
2020-10-15 22:39:05,950 [INFO] in scala-execution-context-global-47 - [info] c.j.i.s.ViewInfo$ - averageJitter  : 00:00:00.001  
2020-10-15 22:39:05,951 [INFO] in scala-execution-context-global-47 - [info] c.j.i.s.ViewInfo$ - framerateServer: 00:00:00.000
2020-10-15 22:39:05,952 [INFO] in scala-execution-context-global-47 - [info] c.j.i.s.ViewInfo$ - framerateClient: 00:00:00.000
2020-10-15 22:39:05,952 [INFO] in scala-execution-context-global-47 - [info] c.j.i.s.ViewInfo$ - raw            : 195994
2020-10-15 22:39:05,953 [INFO] in scala-execution-context-global-47 - [info] c.j.i.s.ViewInfo$ - zipped         : 50396
2020-10-15 22:39:05,953 [INFO] in scala-execution-context-global-47 - [info] c.j.i.s.ViewInfo$ - 
2020-10-15 22:39:27,795 [INFO] in scala-execution-context-global-47 - [info] c.j.i.s.ViewInfo$ - 
2020-10-15 22:39:27,795 [INFO] in scala-execution-context-global-47 - [info] c.j.i.s.ViewInfo$ - Application closed:
2020-10-15 22:39:27,796 [INFO] in scala-execution-context-global-47 - [info] c.j.i.s.ViewInfo$ - startTime      : Thu Oct 15 22:39:27 EEST 2020      
2020-10-15 22:39:27,796 [INFO] in scala-execution-context-global-47 - [info] c.j.i.s.ViewInfo$ - averageLatency : 00:00:00.018 
2020-10-15 22:39:27,796 [INFO] in scala-execution-context-global-47 - [info] c.j.i.s.ViewInfo$ - averageJitter  : 00:00:00.001  
2020-10-15 22:39:27,797 [INFO] in scala-execution-context-global-47 - [info] c.j.i.s.ViewInfo$ - framerateServer: 00:00:00.000
2020-10-15 22:39:27,797 [INFO] in scala-execution-context-global-47 - [info] c.j.i.s.ViewInfo$ - framerateClient: 00:00:00.000
2020-10-15 22:39:27,798 [INFO] in scala-execution-context-global-47 - [info] c.j.i.s.ViewInfo$ - raw            : 149818
2020-10-15 22:39:27,798 [INFO] in scala-execution-context-global-47 - [info] c.j.i.s.ViewInfo$ - zipped         : 32902
2020-10-15 22:39:27,798 [INFO] in scala-execution-context-global-47 - [info] c.j.i.s.ViewInfo$ - 
2020-10-15 22:39:50,569 [INFO] in scala-execution-context-global-31 - [info] c.j.i.s.Initializer$ - redirected OUT / ERR
2020-10-15 22:39:50,570 [INFO] in scala-execution-context-global-31 - [info] c.j.i.s.Initializer$ - installed SLF4JBridge
2020-10-15 22:39:50,570 [INFO] in scala-execution-context-global-31 - [info] c.j.i.s.MonocleInitializer$ - screen: null
2020-10-15 22:39:50,571 [INFO] in scala-execution-context-global-31 - Warning: Quantum will not submit render jobs, nothing should draw
2020-10-15 22:39:50,571 [INFO] in scala-execution-context-global-31 - [info] c.j.i.s.Initializer$ - finished init!
2020-10-15 22:39:50,620 [INFO] in scala-execution-context-global-45 - [info] c.j.i.s.Initializer$ - JavaFX version: 8.0.211-b10
2020-10-15 22:39:50,695 [INFO] in scala-execution-context-global-45 - [info] c.j.i.c.m.DynamicDataModel - Started Monitoring chart data...
2020-10-15 22:39:51,219 [INFO] in scala-execution-context-global-45 - [info] c.j.i.c.m.ChartJSONImExporter - Imported chart data Thu Oct 15 22:39:50 EEST 2020
2020-10-15 22:39:51,718 [INFO] in scala-execution-context-global-45 - [info] play.api.Play - Application started (Prod)
2020-10-15 22:39:52,927 [INFO] in scala-execution-context-global-45 - [info] p.c.s.AkkaHttpServer - Listening for HTTP on /0:0:0:0:0:0:0:0:8080
2020-10-15 22:39:54,544 [INFO] in scala-execution-context-global-45 - [info] c.jpro - application requested: 0!default
2020-10-15 22:39:54,573 [INFO] in scala-execution-context-global-45 - [info] c.jpro - Creating Application: 0!default
2020-10-15 22:39:54,582 [INFO] in scala-execution-context-global-45 - [info] c.jpro - remoteAddress 0:0:0:0:0:0:0:1
2020-10-15 22:39:54,583 [INFO] in scala-execution-context-global-45 - [info] c.jpro - host          localhost:8080
2020-10-15 22:39:54,583 [INFO] in scala-execution-context-global-45 - [info] c.jpro - uri           /app/0!default
2020-10-15 22:39:55,636 [INFO] in scala-execution-context-global-45 - [warn] javafx.css - Resource "/styles/Styles.css" not found.
2020-10-15 22:39:56,050 [INFO] in scala-execution-context-global-45 - [info] c.j.i.s.ViewSerializerActor - appdef: AppByMain(default,com.mycompany.mqttconsumerui.MainApp,None,NamedClassLoader(system),false) clientinfo: ClientInfo(http://localhost:8080/,http://localhost:8080/app/default,1536.0,722.0,false,ru-UA,List(ru-UA, ru, uk-UA, en-GB, uk, en-US, en),Map())out: Actor[akka://application/system/StreamSupervisor-0/flow-6-2-actorRefSource#-1923061086]
2020-10-15 22:39:56,813 [INFO] in scala-execution-context-global-45 - [info] com.jpro.JS - received msg: new MainID: 1162 userid: 779422886
2020-10-15 22:40:05,858 [INFO] in scala-execution-context-global-45 - topic=mydata/temperature
2020-10-15 22:40:11,909 [ERROR] in scala-execution-context-global-45 - java.lang.AssertionError: assertion failed: Please make sure, that you are using the JavaFX-Application-Thread
2020-10-15 22:40:11,910 [ERROR] in scala-execution-context-global-45 - 	at scala.Predef$.assert(Predef.scala:223)
2020-10-15 22:40:11,910 [ERROR] in scala-execution-context-global-45 - 	at simplefx.cores.standard.parts.CoreScheduler.tryStartSchedulerStart(CoreScheduler.scala:32)
2020-10-15 22:40:11,911 [ERROR] in scala-execution-context-global-45 - 	at simplefx.cores.standard.parts.CoreScheduler.tryStartSchedulerStart$(CoreScheduler.scala:29)
2020-10-15 22:40:11,911 [ERROR] in scala-execution-context-global-45 - 	at simplefx.cores.standard.Core.tryStartSchedulerStart(Core.scala:9)
2020-10-15 22:40:11,912 [ERROR] in scala-execution-context-global-45 - 	at simplefx.cores.interfaces.parts.javafx.CoreJavaFXBindable$$anon$2.changed(CoreJavaFXBindable.scala:52)
2020-10-15 22:40:11,912 [ERROR] in scala-execution-context-global-45 - 	at com.sun.javafx.binding.ExpressionHelper$SingleChange.fireValueChangedEvent(ExpressionHelper.java:182)
2020-10-15 22:40:11,912 [ERROR] in scala-execution-context-global-45 - 	at com.sun.javafx.binding.ExpressionHelper.fireValueChangedEvent(ExpressionHelper.java:81)
2020-10-15 22:40:11,913 [ERROR] in scala-execution-context-global-45 - 	at javafx.scene.Node$LazyBoundsProperty.invalidate(Node.java:9316)
2020-10-15 22:40:11,913 [ERROR] in scala-execution-context-global-45 - 	at javafx.scene.Node.impl_layoutBoundsChanged(Node.java:3401)
2020-10-15 22:40:11,914 [ERROR] in scala-execution-context-global-45 - 	at javafx.scene.Node.impl_notifyLayoutBoundsChanged(Node.java:3814)
2020-10-15 22:40:11,914 [ERROR] in scala-execution-context-global-45 - 	at javafx.scene.Node.impl_geomChanged(Node.java:3765)
2020-10-15 22:40:11,915 [ERROR] in scala-execution-context-global-45 - 	at javafx.scene.text.Text.impl_geomChanged(Text.java:766)
2020-10-15 22:40:11,915 [ERROR] in scala-execution-context-global-45 - 	at javafx.scene.text.Text.needsTextLayout(Text.java:194)
2020-10-15 22:40:11,915 [ERROR] in scala-execution-context-global-45 - 	at javafx.scene.text.Text.needsFullTextLayout(Text.java:189)
2020-10-15 22:40:11,916 [ERROR] in scala-execution-context-global-45 - 	at javafx.scene.text.Text.access$200(Text.java:95)
2020-10-15 22:40:11,916 [ERROR] in scala-execution-context-global-45 - 	at javafx.scene.text.Text$2.invalidated(Text.java:389)
2020-10-15 22:40:11,917 [ERROR] in scala-execution-context-global-45 - 	at javafx.beans.property.StringPropertyBase.markInvalid(StringPropertyBase.java:109)
2020-10-15 22:40:11,917 [ERROR] in scala-execution-context-global-45 - 	at javafx.beans.property.StringPropertyBase.set(StringPropertyBase.java:144)
2020-10-15 22:40:11,918 [ERROR] in scala-execution-context-global-45 - 	at javafx.beans.property.StringPropertyBase.set(StringPropertyBase.java:49)
2020-10-15 22:40:11,919 [ERROR] in scala-execution-context-global-45 - 	at javafx.scene.text.Text.setText(Text.java:370)
2020-10-15 22:40:11,920 [ERROR] in scala-execution-context-global-45 - 	at com.sun.javafx.scene.control.skin.TextAreaSkin.lambda$new$206(TextAreaSkin.java:586)
2020-10-15 22:40:11,920 [ERROR] in scala-execution-context-global-45 - 	at com.sun.javafx.binding.ExpressionHelper$Generic.fireValueChangedEvent(ExpressionHelper.java:349)
2020-10-15 22:40:11,921 [ERROR] in scala-execution-context-global-45 - 	at com.sun.javafx.binding.ExpressionHelper.fireValueChangedEvent(ExpressionHelper.java:81)
2020-10-15 22:40:11,922 [ERROR] in scala-execution-context-global-45 - 	at javafx.scene.control.TextInputControl$TextProperty.fireValueChangedEvent(TextInputControl.java:1389)
2020-10-15 22:40:11,923 [ERROR] in scala-execution-context-global-45 - 	at javafx.scene.control.TextInputControl$TextProperty.markInvalid(TextInputControl.java:1393)
2020-10-15 22:40:11,923 [ERROR] in scala-execution-context-global-45 - 	at javafx.scene.control.TextInputControl$TextProperty.controlContentHasChanged(TextInputControl.java:1332)
2020-10-15 22:40:11,924 [ERROR] in scala-execution-context-global-45 - 	at javafx.scene.control.TextInputControl$TextProperty.access$1600(TextInputControl.java:1300)
2020-10-15 22:40:11,924 [ERROR] in scala-execution-context-global-45 - 	at javafx.scene.control.TextInputControl.lambda$new$43(TextInputControl.java:139)
2020-10-15 22:40:11,924 [ERROR] in scala-execution-context-global-45 - 	at com.sun.javafx.binding.ExpressionHelper$SingleInvalidation.fireValueChangedEvent(ExpressionHelper.java:137)
2020-10-15 22:40:11,925 [ERROR] in scala-execution-context-global-45 - 	at com.sun.javafx.binding.ExpressionHelper.fireValueChangedEvent(ExpressionHelper.java:81)
2020-10-15 22:40:11,925 [ERROR] in scala-execution-context-global-45 - 	at javafx.scene.control.TextArea$TextAreaContent.insert(TextArea.java:207)
2020-10-15 22:40:11,926 [ERROR] in scala-execution-context-global-45 - 	at javafx.scene.control.TextInputControl.replaceText(TextInputControl.java:1204)
2020-10-15 22:40:11,926 [ERROR] in scala-execution-context-global-45 - 	at javafx.scene.control.TextInputControl.updateContent(TextInputControl.java:556)
2020-10-15 22:40:11,926 [ERROR] in scala-execution-context-global-45 - 	at javafx.scene.control.TextInputControl.replaceText(TextInputControl.java:548)
2020-10-15 22:40:11,927 [ERROR] in scala-execution-context-global-45 - 	at javafx.scene.control.TextInputControl.insertText(TextInputControl.java:473)
2020-10-15 22:40:11,927 [ERROR] in scala-execution-context-global-45 - 	at javafx.scene.control.TextInputControl.appendText(TextInputControl.java:463)
2020-10-15 22:40:11,928 [ERROR] in scala-execution-context-global-45 - 	at com.mycompany.mqttconsumerui.MessageListener.messageArrived(MessageListener.java:18)
2020-10-15 22:40:11,929 [ERROR] in scala-execution-context-global-45 - 	at org.eclipse.paho.client.mqttv3.internal.CommsCallback.deliverMessage(CommsCallback.java:491)
2020-10-15 22:40:11,929 [ERROR] in scala-execution-context-global-45 - 	at org.eclipse.paho.client.mqttv3.internal.CommsCallback.handleMessage(CommsCallback.java:402)
2020-10-15 22:40:11,930 [ERROR] in scala-execution-context-global-45 - 	at org.eclipse.paho.client.mqttv3.internal.CommsCallback.run(CommsCallback.java:206)
2020-10-15 22:40:11,931 [ERROR] in scala-execution-context-global-45 - 	at java.util.concurrent.Executors$RunnableAdapter.call(Executors.java:511)
2020-10-15 22:40:11,932 [ERROR] in scala-execution-context-global-45 - 	at java.util.concurrent.FutureTask.run(FutureTask.java:266)
2020-10-15 22:40:11,936 [ERROR] in scala-execution-context-global-45 - 	at java.util.concurrent.ScheduledThreadPoolExecutor$ScheduledFutureTask.access$201(ScheduledThreadPoolExecutor.java:180)
2020-10-15 22:40:11,938 [ERROR] in scala-execution-context-global-45 - 	at java.util.concurrent.ScheduledThreadPoolExecutor$ScheduledFutureTask.run(ScheduledThreadPoolExecutor.java:293)
2020-10-15 22:40:11,938 [ERROR] in scala-execution-context-global-45 - 	at java.util.concurrent.ThreadPoolExecutor.runWorker(ThreadPoolExecutor.java:1149)
2020-10-15 22:40:11,939 [ERROR] in scala-execution-context-global-45 - 	at java.util.concurrent.ThreadPoolExecutor$Worker.run(ThreadPoolExecutor.java:624)
2020-10-15 22:40:11,939 [ERROR] in scala-execution-context-global-45 - 	at java.lang.Thread.run(Thread.java:748)
2020-10-15 22:41:44,644 [INFO] in scala-execution-context-global-31 - [info] c.j.i.s.Initializer$ - redirected OUT / ERR
2020-10-15 22:41:44,645 [INFO] in scala-execution-context-global-31 - [info] c.j.i.s.Initializer$ - installed SLF4JBridge
2020-10-15 22:41:44,645 [INFO] in scala-execution-context-global-31 - [info] c.j.i.s.MonocleInitializer$ - screen: null
2020-10-15 22:41:44,645 [INFO] in scala-execution-context-global-31 - Warning: Quantum will not submit render jobs, nothing should draw
2020-10-15 22:41:44,646 [INFO] in scala-execution-context-global-31 - [info] c.j.i.s.Initializer$ - finished init!
2020-10-15 22:41:44,681 [INFO] in scala-execution-context-global-47 - [info] c.j.i.s.Initializer$ - JavaFX version: 8.0.211-b10
2020-10-15 22:41:44,749 [INFO] in scala-execution-context-global-47 - [info] c.j.i.c.m.DynamicDataModel - Started Monitoring chart data...
2020-10-15 22:41:45,151 [INFO] in scala-execution-context-global-47 - [info] c.j.i.c.m.ChartJSONImExporter - Imported chart data Thu Oct 15 22:41:44 EEST 2020
2020-10-15 22:41:45,547 [INFO] in scala-execution-context-global-47 - [info] play.api.Play - Application started (Prod)
2020-10-15 22:41:46,806 [INFO] in scala-execution-context-global-47 - [info] p.c.s.AkkaHttpServer - Listening for HTTP on /0:0:0:0:0:0:0:0:8080
2020-10-15 22:41:48,320 [INFO] in scala-execution-context-global-47 - [info] c.jpro - application requested: 0!default
2020-10-15 22:41:48,353 [INFO] in scala-execution-context-global-47 - [info] c.jpro - Creating Application: 0!default
2020-10-15 22:41:48,359 [INFO] in scala-execution-context-global-47 - [info] c.jpro - remoteAddress 0:0:0:0:0:0:0:1
2020-10-15 22:41:48,359 [INFO] in scala-execution-context-global-47 - [info] c.jpro - host          localhost:8080
2020-10-15 22:41:48,360 [INFO] in scala-execution-context-global-47 - [info] c.jpro - uri           /app/0!default
2020-10-15 22:41:49,447 [INFO] in scala-execution-context-global-47 - [warn] javafx.css - Resource "/styles/Styles.css" not found.
2020-10-15 22:41:49,947 [INFO] in scala-execution-context-global-47 - [info] c.j.i.s.ViewSerializerActor - appdef: AppByMain(default,com.mycompany.mqttconsumerui.MainApp,None,NamedClassLoader(system),false) clientinfo: ClientInfo(http://localhost:8080/,http://localhost:8080/app/default,1536.0,722.0,false,ru-UA,List(ru-UA, ru, uk-UA, en-GB, uk, en-US, en),Map())out: Actor[akka://application/system/StreamSupervisor-0/flow-6-2-actorRefSource#486550779]
2020-10-15 22:41:50,857 [INFO] in scala-execution-context-global-47 - [info] com.jpro.JS - received msg: new MainID: 1162 userid: 1473339848
2020-10-15 22:41:57,745 [INFO] in scala-execution-context-global-47 - topic=mydata/temperature
2020-10-15 22:42:10,768 [INFO] in scala-execution-context-global-47 - [info] c.jpro - application requested: 0!default
2020-10-15 22:42:10,770 [INFO] in scala-execution-context-global-47 - [info] c.jpro - Creating Application: 0!default
2020-10-15 22:42:10,772 [INFO] in scala-execution-context-global-47 - [info] c.jpro - remoteAddress 0:0:0:0:0:0:0:1
2020-10-15 22:42:10,773 [INFO] in scala-execution-context-global-47 - [info] c.jpro - host          localhost:8080
2020-10-15 22:42:10,774 [INFO] in scala-execution-context-global-47 - [info] c.jpro - uri           /app/0!default
2020-10-15 22:42:10,946 [INFO] in scala-execution-context-global-47 - [info] c.j.i.s.ViewSerializerActor - appdef: AppByMain(default,com.mycompany.mqttconsumerui.MainApp,None,NamedClassLoader(system),false) clientinfo: ClientInfo(http://localhost:8080/,http://localhost:8080/app/default,1536.0,722.0,false,ru-RU,List(ru-RU, ru, en-US, en),Map(Idea-99972b2f -> b7eaed3e-45b4-4025-9d7c-cbe2af4c658a))out: Actor[akka://application/system/StreamSupervisor-0/flow-15-2-actorRefSource#-515698410]
2020-10-15 22:42:11,337 [INFO] in scala-execution-context-global-47 - [info] com.jpro.JS - received msg: new MainID: 1162 userid: 1482148654
2020-10-15 22:42:17,267 [INFO] in scala-execution-context-global-45 - topic=mydata/temperature
2020-10-15 22:42:41,838 [INFO] in scala-execution-context-global-47 - [info] c.j.i.s.ViewInfo$ - 
2020-10-15 22:42:41,838 [INFO] in scala-execution-context-global-47 - [info] c.j.i.s.ViewInfo$ - Application closed:
2020-10-15 22:42:41,839 [INFO] in scala-execution-context-global-45 - [info] c.j.i.s.ViewInfo$ - startTime      : Thu Oct 15 22:42:41 EEST 2020      
2020-10-15 22:42:41,839 [INFO] in scala-execution-context-global-45 - [info] c.j.i.s.ViewInfo$ - averageLatency : 00:00:00.017 
2020-10-15 22:42:41,840 [INFO] in scala-execution-context-global-45 - [info] c.j.i.s.ViewInfo$ - averageJitter  : 00:00:00.000  
2020-10-15 22:42:41,841 [INFO] in scala-execution-context-global-45 - [info] c.j.i.s.ViewInfo$ - framerateServer: 00:00:00.000
2020-10-15 22:42:41,841 [INFO] in scala-execution-context-global-45 - [info] c.j.i.s.ViewInfo$ - framerateClient: 00:00:00.000
2020-10-15 22:42:41,842 [INFO] in scala-execution-context-global-45 - [info] c.j.i.s.ViewInfo$ - raw            : 202682
2020-10-15 22:42:41,843 [INFO] in scala-execution-context-global-45 - [info] c.j.i.s.ViewInfo$ - zipped         : 48316
2020-10-15 22:42:41,843 [INFO] in scala-execution-context-global-45 - [info] c.j.i.s.ViewInfo$ - 
2020-10-15 22:42:41,904 [INFO] in scala-execution-context-global-45 - [info] c.jpro - application requested: 0!default
2020-10-15 22:42:41,904 [INFO] in scala-execution-context-global-45 - [info] c.jpro - Creating Application: 0!default
2020-10-15 22:42:41,905 [INFO] in scala-execution-context-global-45 - [info] c.jpro - remoteAddress 0:0:0:0:0:0:0:1
2020-10-15 22:42:41,905 [INFO] in scala-execution-context-global-45 - [info] c.jpro - host          localhost:8080
2020-10-15 22:42:41,906 [INFO] in scala-execution-context-global-45 - [info] c.jpro - uri           /app/0!default
2020-10-15 22:42:41,969 [INFO] in scala-execution-context-global-45 - [info] c.j.i.s.ViewSerializerActor - appdef: AppByMain(default,com.mycompany.mqttconsumerui.MainApp,None,NamedClassLoader(system),false) clientinfo: ClientInfo(http://localhost:8080/,http://localhost:8080/app/default,1536.0,722.0,false,ru-UA,List(ru-UA, ru, uk-UA, en-GB, uk, en-US, en),Map())out: Actor[akka://application/system/StreamSupervisor-0/flow-20-2-actorRefSource#-872172527]
2020-10-15 22:42:42,086 [INFO] in scala-execution-context-global-45 - [info] com.jpro.JS - received msg: new MainID: 1162 userid: 431226069
2020-10-15 22:42:47,093 [INFO] in scala-execution-context-global-45 - [info] c.jpro - application requested: 262247012!default
2020-10-15 22:42:47,101 [INFO] in scala-execution-context-global-45 - [info] c.jpro - Creating Application: 262247012!default
2020-10-15 22:42:47,101 [INFO] in scala-execution-context-global-45 - [info] c.jpro - remoteAddress 0:0:0:0:0:0:0:1
2020-10-15 22:42:47,101 [INFO] in scala-execution-context-global-45 - [info] c.jpro - host          localhost:8080
2020-10-15 22:42:47,102 [INFO] in scala-execution-context-global-47 - [info] c.jpro - uri           /app/262247012!default
2020-10-15 22:42:47,102 [INFO] in scala-execution-context-global-47 - [info] c.j.i.s.ViewInfo$ - 
2020-10-15 22:42:47,103 [INFO] in scala-execution-context-global-47 - [info] c.j.i.s.ViewInfo$ - Application closed:
2020-10-15 22:42:47,103 [INFO] in scala-execution-context-global-47 - [info] c.j.i.s.ViewInfo$ - startTime      : Thu Oct 15 22:42:47 EEST 2020      
2020-10-15 22:42:47,103 [INFO] in scala-execution-context-global-47 - [info] c.j.i.s.ViewInfo$ - averageLatency : 00:00:00.019 
2020-10-15 22:42:47,104 [INFO] in scala-execution-context-global-47 - [info] c.j.i.s.ViewInfo$ - averageJitter  : 00:00:00.000  
2020-10-15 22:42:47,104 [INFO] in scala-execution-context-global-47 - [info] c.j.i.s.ViewInfo$ - framerateServer: 00:00:00.000
2020-10-15 22:42:47,104 [INFO] in scala-execution-context-global-47 - [info] c.j.i.s.ViewInfo$ - framerateClient: 00:00:00.000
2020-10-15 22:42:47,105 [INFO] in scala-execution-context-global-47 - [info] c.j.i.s.ViewInfo$ - raw            : 178730
2020-10-15 22:42:47,105 [INFO] in scala-execution-context-global-47 - [info] c.j.i.s.ViewInfo$ - zipped         : 37090
2020-10-15 22:42:47,105 [INFO] in scala-execution-context-global-47 - [info] c.j.i.s.ViewInfo$ - 
2020-10-15 22:42:47,261 [INFO] in scala-execution-context-global-47 - [info] c.jpro - application requested: 0!default
2020-10-15 22:42:47,262 [INFO] in scala-execution-context-global-47 - [info] c.jpro - Creating Application: 0!default
2020-10-15 22:42:47,263 [INFO] in scala-execution-context-global-47 - [info] c.jpro - remoteAddress 0:0:0:0:0:0:0:1
2020-10-15 22:42:47,264 [INFO] in scala-execution-context-global-47 - [info] c.jpro - host          localhost:8080
2020-10-15 22:42:47,264 [INFO] in scala-execution-context-global-47 - [info] c.jpro - uri           /app/0!default
2020-10-15 22:42:47,350 [INFO] in scala-execution-context-global-47 - [info] c.j.i.s.ViewSerializerActor - appdef: AppByMain(default,com.mycompany.mqttconsumerui.MainApp,None,NamedClassLoader(system),false) clientinfo: ClientInfo(http://localhost:8080/,http://localhost:8080/app/default,805.0,466.0,false,ru-RU,List(ru-RU, ru, en-US, en),Map(Idea-99972b2f -> b7eaed3e-45b4-4025-9d7c-cbe2af4c658a))out: Actor[akka://application/system/StreamSupervisor-0/flow-28-2-actorRefSource#-1339573713]
2020-10-15 22:42:47,501 [INFO] in scala-execution-context-global-47 - [info] com.jpro.JS - received msg: new MainID: 1162 userid: 744765326
2020-10-15 22:42:54,813 [INFO] in scala-execution-context-global-47 - [warn] c.j.m.t.SceneInputListener - Unknown Keycode: 191
2020-10-15 22:42:54,909 [INFO] in scala-execution-context-global-47 - [warn] c.j.m.t.SceneInputListener - Unknown Keycode: 191
2020-10-15 22:42:58,356 [INFO] in scala-execution-context-global-47 - [warn] c.j.m.t.SceneInputListener - Unknown Keycode: 191
2020-10-15 22:42:58,456 [INFO] in scala-execution-context-global-47 - [warn] c.j.m.t.SceneInputListener - Unknown Keycode: 191
2020-10-15 22:43:00,781 [INFO] in scala-execution-context-global-45 - topic=mydata/temperature/+/data
2020-10-15 22:43:03,040 [INFO] in scala-execution-context-global-46 - [warn] c.j.m.t.SceneInputListener - Unknown Keycode: 191
2020-10-15 22:43:03,156 [INFO] in scala-execution-context-global-46 - [warn] c.j.m.t.SceneInputListener - Unknown Keycode: 191
2020-10-15 22:43:04,037 [INFO] in scala-execution-context-global-46 - [info] c.j.i.c.InstanceImpl - closing window!
2020-10-15 22:43:04,286 [INFO] in scala-execution-context-global-46 - [info] c.j.i.c.InstanceImpl - closing window!
2020-10-15 22:43:05,990 [INFO] in scala-execution-context-global-46 - topic=mydata/temperature/#
2020-10-15 22:43:34,685 [INFO] in scala-execution-context-global-46 - [info] c.j.i.s.ViewInfo$ - 
2020-10-15 22:43:34,686 [INFO] in scala-execution-context-global-46 - [info] c.j.i.s.ViewInfo$ - Application closed:
2020-10-15 22:43:34,686 [INFO] in scala-execution-context-global-46 - [info] c.j.i.s.ViewInfo$ - startTime      : Thu Oct 15 22:43:34 EEST 2020      
2020-10-15 22:43:34,687 [INFO] in scala-execution-context-global-46 - [info] c.j.i.s.ViewInfo$ - averageLatency : 00:00:00.019 
2020-10-15 22:43:34,687 [INFO] in scala-execution-context-global-46 - [info] c.j.i.s.ViewInfo$ - averageJitter  : 00:00:00.000  
2020-10-15 22:43:34,687 [INFO] in scala-execution-context-global-46 - [info] c.j.i.s.ViewInfo$ - framerateServer: 00:00:00.000
2020-10-15 22:43:34,688 [INFO] in scala-execution-context-global-46 - [info] c.j.i.s.ViewInfo$ - framerateClient: 00:00:00.000
2020-10-15 22:43:34,688 [INFO] in scala-execution-context-global-46 - [info] c.j.i.s.ViewInfo$ - raw            : 154474
2020-10-15 22:43:34,688 [INFO] in scala-execution-context-global-46 - [info] c.j.i.s.ViewInfo$ - zipped         : 35837
2020-10-15 22:43:34,689 [INFO] in scala-execution-context-global-46 - [info] c.j.i.s.ViewInfo$ - 
2020-10-15 22:43:34,691 [INFO] in scala-execution-context-global-46 - [info] c.jpro - application requested: 2003061336!default
2020-10-15 22:43:34,693 [INFO] in scala-execution-context-global-46 - [info] c.jpro - Creating Application: 2003061336!default
2020-10-15 22:43:34,694 [INFO] in scala-execution-context-global-46 - [info] c.jpro - remoteAddress 0:0:0:0:0:0:0:1
2020-10-15 22:43:34,694 [INFO] in scala-execution-context-global-46 - [info] c.jpro - host          localhost:8080
2020-10-15 22:43:34,696 [INFO] in scala-execution-context-global-45 - [info] c.jpro - uri           /app/2003061336!default
2020-10-15 22:43:34,854 [INFO] in scala-execution-context-global-45 - [info] c.jpro - application requested: 0!default
2020-10-15 22:43:34,855 [INFO] in scala-execution-context-global-45 - [info] c.jpro - Creating Application: 0!default
2020-10-15 22:43:34,855 [INFO] in scala-execution-context-global-45 - [info] c.jpro - remoteAddress 0:0:0:0:0:0:0:1
2020-10-15 22:43:34,856 [INFO] in scala-execution-context-global-45 - [info] c.jpro - host          localhost:8080
2020-10-15 22:43:34,856 [INFO] in scala-execution-context-global-45 - [info] c.jpro - uri           /app/0!default
2020-10-15 22:43:34,938 [INFO] in scala-execution-context-global-45 - [info] c.j.i.s.ViewSerializerActor - appdef: AppByMain(default,com.mycompany.mqttconsumerui.MainApp,None,NamedClassLoader(system),false) clientinfo: ClientInfo(http://localhost:8080/,http://localhost:8080/app/default,805.0,466.0,false,ru-RU,List(ru-RU, ru, en-US, en),Map(Idea-99972b2f -> b7eaed3e-45b4-4025-9d7c-cbe2af4c658a))out: Actor[akka://application/system/StreamSupervisor-0/flow-35-2-actorRefSource#-1535283734]
2020-10-15 22:43:35,097 [INFO] in scala-execution-context-global-45 - [info] com.jpro.JS - received msg: new MainID: 1162 userid: 1364822251
2020-10-15 22:43:40,134 [INFO] in scala-execution-context-global-47 - [warn] c.j.m.t.SceneInputListener - Unknown Keycode: 191
2020-10-15 22:43:40,233 [INFO] in scala-execution-context-global-47 - [warn] c.j.m.t.SceneInputListener - Unknown Keycode: 191
2020-10-15 22:43:44,027 [INFO] in scala-execution-context-global-47 - [warn] c.j.m.t.SceneInputListener - Unknown Keycode: 191
2020-10-15 22:43:44,142 [INFO] in scala-execution-context-global-47 - [warn] c.j.m.t.SceneInputListener - Unknown Keycode: 191
2020-10-15 22:43:52,845 [INFO] in scala-execution-context-global-47 - topic=mydata/temperature/+/data
2020-10-15 22:43:55,304 [INFO] in scala-execution-context-global-47 - [info] c.j.i.c.InstanceImpl - closing window!
2020-10-15 22:46:54,368 [INFO] in scala-execution-context-global-45 - [info] c.j.i.s.ViewInfo$ - 
2020-10-15 22:46:54,368 [INFO] in scala-execution-context-global-45 - [info] c.j.i.s.ViewInfo$ - Application closed:
2020-10-15 22:46:54,369 [INFO] in scala-execution-context-global-45 - [info] c.j.i.s.ViewInfo$ - startTime      : Thu Oct 15 22:46:54 EEST 2020      
2020-10-15 22:46:54,369 [INFO] in scala-execution-context-global-45 - [info] c.j.i.s.ViewInfo$ - averageLatency : 00:00:00.018 
2020-10-15 22:46:54,369 [INFO] in scala-execution-context-global-45 - [info] c.j.i.s.ViewInfo$ - averageJitter  : 00:00:00.000  
2020-10-15 22:46:54,369 [INFO] in scala-execution-context-global-45 - [info] c.j.i.s.ViewInfo$ - framerateServer: 00:00:00.000
2020-10-15 22:46:54,370 [INFO] in scala-execution-context-global-45 - [info] c.j.i.s.ViewInfo$ - framerateClient: 00:00:00.000
2020-10-15 22:46:54,370 [INFO] in scala-execution-context-global-45 - [info] c.j.i.s.ViewInfo$ - raw            : 306074
2020-10-15 22:46:54,370 [INFO] in scala-execution-context-global-45 - [info] c.j.i.s.ViewInfo$ - zipped         : 88689
2020-10-15 22:46:54,371 [INFO] in scala-execution-context-global-45 - [info] c.j.i.s.ViewInfo$ - 
2020-10-15 22:48:05,190 [INFO] in scala-execution-context-global-45 - [info] c.j.i.c.InstanceImpl - closing window!
2020-10-15 23:28:43,943 [INFO] in scala-execution-context-global-45 - [info] c.j.i.s.ViewInfo$ - 
2020-10-15 23:28:43,944 [INFO] in scala-execution-context-global-45 - [info] c.j.i.s.ViewInfo$ - Application closed:
2020-10-15 23:28:43,944 [INFO] in scala-execution-context-global-45 - [info] c.j.i.s.ViewInfo$ - startTime      : Thu Oct 15 23:28:43 EEST 2020      
2020-10-15 23:28:43,945 [INFO] in scala-execution-context-global-45 - [info] c.j.i.s.ViewInfo$ - averageLatency : 00:00:00.018 
2020-10-15 23:28:43,945 [INFO] in scala-execution-context-global-45 - [info] c.j.i.s.ViewInfo$ - averageJitter  : 00:00:00.000  
2020-10-15 23:28:43,945 [INFO] in scala-execution-context-global-45 - [info] c.j.i.s.ViewInfo$ - framerateServer: 00:00:00.000
2020-10-15 23:28:43,945 [INFO] in scala-execution-context-global-45 - [info] c.j.i.s.ViewInfo$ - framerateClient: 00:00:00.000
2020-10-15 23:28:43,946 [INFO] in scala-execution-context-global-45 - [info] c.j.i.s.ViewInfo$ - raw            : 968090
2020-10-15 23:28:43,946 [INFO] in scala-execution-context-global-45 - [info] c.j.i.s.ViewInfo$ - zipped         : 265837
2020-10-15 23:28:43,946 [INFO] in scala-execution-context-global-45 - [info] c.j.i.s.ViewInfo$ - 
2020-10-16 00:25:29,518 [INFO] in scala-execution-context-global-45 - [info] c.j.i.c.InstanceImpl - closing window!
2020-10-16 09:52:44,025 [INFO] in scala-execution-context-global-98 - [info] c.jpro - application requested: 1551260368!default
2020-10-16 09:52:44,034 [INFO] in scala-execution-context-global-98 - [info] c.jpro - Creating Application: 1551260368!default
2020-10-16 09:52:44,036 [INFO] in scala-execution-context-global-98 - [info] c.jpro - remoteAddress 0:0:0:0:0:0:0:1
2020-10-16 09:52:44,036 [INFO] in scala-execution-context-global-98 - [info] c.jpro - host          localhost:8080
2020-10-16 09:52:44,038 [INFO] in scala-execution-context-global-98 - [info] c.jpro - uri           /app/1551260368!default
2020-10-16 09:52:44,072 [INFO] in scala-execution-context-global-105 - [warn] javafx.css - Resource "/styles/Styles.css" not found.
2020-10-16 09:52:44,093 [INFO] in scala-execution-context-global-105 - [info] c.j.i.s.ViewSerializerActor - appdef: AppByID(1551260368,Some(AppByMain(default,com.mycompany.mqttconsumerui.MainApp,None,NamedClassLoader(system),false))) clientinfo: ClientInfo(http://localhost:8080/,http://localhost:8080/app/default,1536.0,722.0,false,ru-UA,List(ru-UA, ru, uk-UA, en-GB, uk, en-US, en),Map())out: Actor[akka://application/system/StreamSupervisor-0/flow-38-2-actorRefSource#509183752]
2020-10-16 09:52:44,659 [INFO] in scala-execution-context-global-105 - [info] com.jpro.JS - received msg: new MainID: 1162 userid: 1897254875
