2020-10-15 22:34:55,095 [ERROR] from akka.io.TcpListener in application-akka.actor.default-dispatcher-3 - Bind failed for TCP channel on endpoint [/0.0.0.0:8080]
java.net.BindException: Address already in use: bind
	at sun.nio.ch.Net.bind0(Native Method)
	at sun.nio.ch.Net.bind(Net.java:433)
	at sun.nio.ch.Net.bind(Net.java:425)
	at sun.nio.ch.ServerSocketChannelImpl.bind(ServerSocketChannelImpl.java:223)
	at sun.nio.ch.ServerSocketAdaptor.bind(ServerSocketAdaptor.java:74)
	at akka.io.TcpListener.liftedTree1$1(TcpListener.scala:55)
	at akka.io.TcpListener.<init>(TcpListener.scala:52)
	at sun.reflect.NativeConstructorAccessorImpl.newInstance0(Native Method)
	at sun.reflect.NativeConstructorAccessorImpl.newInstance(NativeConstructorAccessorImpl.java:62)
	at sun.reflect.DelegatingConstructorAccessorImpl.newInstance(DelegatingConstructorAccessorImpl.java:45)
	at java.lang.reflect.Constructor.newInstance(Constructor.java:423)
	at akka.util.Reflect$.instantiate(Reflect.scala:66)
	at akka.actor.ArgsReflectConstructor.produce(IndirectActorProducer.scala:96)
	at akka.actor.Props.newActor(Props.scala:212)
	at akka.actor.ActorCell.newActor(ActorCell.scala:624)
	at akka.actor.ActorCell.create(ActorCell.scala:650)
	at akka.actor.ActorCell.invokeAll$1(ActorCell.scala:523)
	at akka.actor.ActorCell.systemInvoke(ActorCell.scala:545)
	at akka.dispatch.Mailbox.processAllSystemMessages(Mailbox.scala:283)
	at akka.dispatch.Mailbox.run(Mailbox.scala:224)
	at akka.dispatch.Mailbox.exec(Mailbox.scala:235)
	at akka.dispatch.forkjoin.ForkJoinTask.doExec(ForkJoinTask.java:260)
	at akka.dispatch.forkjoin.ForkJoinPool$WorkQueue.runTask(ForkJoinPool.java:1339)
	at akka.dispatch.forkjoin.ForkJoinPool.runWorker(ForkJoinPool.java:1979)
	at akka.dispatch.forkjoin.ForkJoinWorkerThread.run(ForkJoinWorkerThread.java:107)
